[ 2014-12-30T08:46:24+08:00 ] 192.168.1.219 /%E4%BC%A0%E6%99%BA%E6%92%AD%E5%AE%A2PHP%E5%AD%A6%E9%99%A2%E5%AE%98%E7%BD%91-%E5%8C%97%E4%BA%ACPHP%E5%9F%B9%E8%AE%AD_PHP%E7%BD%91%E7%AB%99%E5%BC%80%E5%8F%91%E5%9F%B9%E8%AE%AD_PHP%E7%A8%8B%E5%BA%8F%E5%91%98%E5%9F%B9%E8%AE%AD%E5%AD%A6%E6%A0%A1_files/api.htm
ERR: 无法加载控制器:传智播客PHP学院官网-北京PHP培训_PHP网站开发培训_PHP程序员培训学校_files

[ 2014-12-30T08:46:33+08:00 ] 192.168.1.120 /Public/api/uc.php?time=1419900280&code=ef95jVJlSGaX%2Bck6NO2KO0lIwmDkRfVcaapBGvvxCxmBcuxkxFg7cW91gMxQT6Hzr9qUmMQyuXZy8%2F3QXw
ERR: 无法加载控制器:Public

[ 2014-12-30T08:47:11+08:00 ] 192.168.1.120 /Public/api/uc.php?time=1419900318&code=02b3AhviXiClQfV93NNcCL6vZEWwzQ2Brwx%2FDm9Pth18zh6UiqICJ%2Fg2UeSGLu16WumaGgcdT4mGz1CQm56g3XN4rTy4w4%2BLEirK8KGoGzoo6bzrnL0b6O3M5MCpJFTYkDjcMgtvzWCDTtSRaj59%2F8s0xu%2FfZwgjw54
ERR: 无法加载控制器:Public

[ 2014-12-30T08:50:09+08:00 ] 192.168.1.120 /Public/api/uc.php?time=1419900497&code=d12dnRdk0TnoETcFozKCrSYeFJ%2FkPXY7xJg5GiOApqziiEmGS%2BlbRjZo%2FTciCdUa1T26EGyDwXSEKryppnKzieBh1CNbJnfK4gWZbCM2hEy8RLr0%2FEcJIii2EnnMVmdlmQZIcNi1f5V%2BLpahNtb6tn%2BKoOS%2B9gJC2Uo
ERR: 无法加载控制器:Public

[ 2014-12-30T08:51:16+08:00 ] 192.168.1.120 /Public/api/uc.php?time=1419900564&code=f929HBnh%2FK2xq%2BDvfPZ69uSLY4T9zQP2iJcEnrr1CCrbV%2BXyBAz33eyqXZ41YoSvOnNVHWNo3cwrZnWyW5cHuWMeQiLikNlqPrl8XtOd9eAnv6%2B3Mt1s8vOJOXph%2BBZK30fCtsqipwdwd6U87apbRBoPxPgBF6W41k8
ERR: 无法加载控制器:Public

[ 2014-12-30T09:11:17+08:00 ] 192.168.1.120 /Public/api/uc.php?time=1419901764&code=54fe5A%2Bb84rkuwRfTvSGtjydhur5FEvBHsY5%2BWpdxi1%2FhbMNGDIfdq8oFTkW7VJTyn6bgxi4WI%2BUjZLUUg
ERR: 无法加载控制器:Public

[ 2014-12-30T09:14:07+08:00 ] 192.168.1.120 /Public/api/uc.php?time=1419901934&code=b40ffQXbNkeI%2Ftn5I8i3HmQuVNez2gEmkZjHRl0MIcUcl3AclD8Cg5l2uia%2FrVlZ9ya9V4GuoUXFO3ROX%2B2eb6eu9bMDJAJlljVgiF1A06Sm%2BrzYELab%2F%2BRBc8H0DZwVxQ%2FP%2Fr82yTT5pJ8iDdcEJYbAqiLgSmQnc8E
ERR: 无法加载控制器:Public

[ 2014-12-30T09:14:31+08:00 ] 192.168.1.120 /Public/api/uc.php?time=1419901959&code=1c47%2Bjfu%2B%2BMGnOT4eN2gh1uZJd5X8N2Occun7ithkTjHQyU0WAtwa%2FHKn2j6rSwTvhC6zxACj7pa84zLoA
ERR: 无法加载控制器:Public

[ 2014-12-30T09:15:05+08:00 ] 192.168.1.120 /Public/api/uc.php?time=1419901992&code=bc44aTBj5MUJFBRtN1OM93ZyWGb5x%2BtiZpCPs4mF3JtCj52tN8OxCW2PyC4H5BpnDXFbkKoE6g05tGfQd4xpNkZr%2BEDQaBy7FvbWPPX1DZLw%2F08PobIyY%2BVJLf4zcpFUTB0x9DQwIuCUpG0HRz41xi285fQfEiIG23I
ERR: 无法加载控制器:Public

[ 2014-12-30T09:15:37+08:00 ] 192.168.1.120 /Public/api/uc.php?time=1419902024&code=eb1cxc1255XTfIY53lCQ8txm0AlRxrifnz7PyK68N0k0zV53SaHkunhnlfBSpJDdgcq0oGw%2FEehivYP5GA
ERR: 无法加载控制器:Public

[ 2014-12-30T09:15:48+08:00 ] 192.168.1.120 /Public/api/uc.php?time=1419902036&code=f641TCL64z8caBUgzovHccEe8EKimjv0LT984wypYtyFj1Gas8kX%2BNmFqRSOptgGMV0VAQsZLgt6KdHEErErCeiFYd07JSDumuyrAAHJINuYC%2BBUjoC3HKtyFx2sPytJP6X8cvQVqAT3M8fPF2mYLaTJCQcqIxMAGMs
ERR: 无法加载控制器:Public

[ 2014-12-30T09:15:58+08:00 ] 192.168.1.120 /Public/api/uc.php?time=1419902045&code=3e65ExZLtPA%2FbGrtE7JaC0wHoX82K4Z9NteFtjo0CmyzTGO%2B6FJRzRoRERO4n3PNnQHpss2Phjnmtqfp4w
ERR: 无法加载控制器:Public

[ 2014-12-30T09:16:49+08:00 ] 192.168.1.120 /Public/api/uc.php?time=1419902096&code=a17egfcJSu5v%2FiGTlqJFGQYF2HPESyf4%2FnEh8yPbT%2FLQjuDyc1bfJ73epl7sGtbNFgr1u5%2FVMqHJZnU3m19pupaW5L8yPGqekPDhLLabnsrxvafskWFFuyz9X4MDbjl47Yy2Z7AG45eRG45SaMHM5dKubZUpwpuE6Rc
ERR: 无法加载控制器:Public

[ 2014-12-30T09:26:13+08:00 ] 127.0.0.1 /%E4%BC%A0%E6%99%BA%E6%92%AD%E5%AE%A2PHP%E5%AD%A6%E9%99%A2%E5%AE%98%E7%BD%91-%E5%8C%97%E4%BA%ACPHP%E5%9F%B9%E8%AE%AD_PHP%E7%BD%91%E7%AB%99%E5%BC%80%E5%8F%91%E5%9F%B9%E8%AE%AD_PHP%E7%A8%8B%E5%BA%8F%E5%91%98%E5%9F%B9%E8%AE%AD%E5%AD%A6%E6%A0%A1_files/api.htm
ERR: 无法加载控制器:传智播客PHP学院官网-北京PHP培训_PHP网站开发培训_PHP程序员培训学校_files

[ 2014-12-30T09:26:13+08:00 ] 127.0.0.1 /%E4%BC%A0%E6%99%BA%E6%92%AD%E5%AE%A2PHP%E5%AD%A6%E9%99%A2%E5%AE%98%E7%BD%91-%E5%8C%97%E4%BA%ACPHP%E5%9F%B9%E8%AE%AD_PHP%E7%BD%91%E7%AB%99%E5%BC%80%E5%8F%91%E5%9F%B9%E8%AE%AD_PHP%E7%A8%8B%E5%BA%8F%E5%91%98%E5%9F%B9%E8%AE%AD%E5%AD%A6%E6%A0%A1_files/api.htm
ERR: 无法加载控制器:传智播客PHP学院官网-北京PHP培训_PHP网站开发培训_PHP程序员培训学校_files

[ 2014-12-30T09:29:24+08:00 ] 192.168.1.120 /%E4%BC%A0%E6%99%BA%E6%92%AD%E5%AE%A2PHP%E5%AD%A6%E9%99%A2%E5%AE%98%E7%BD%91-%E5%8C%97%E4%BA%ACPHP%E5%9F%B9%E8%AE%AD_PHP%E7%BD%91%E7%AB%99%E5%BC%80%E5%8F%91%E5%9F%B9%E8%AE%AD_PHP%E7%A8%8B%E5%BA%8F%E5%91%98%E5%9F%B9%E8%AE%AD%E5%AD%A6%E6%A0%A1_files/api.htm
ERR: 无法加载控制器:传智播客PHP学院官网-北京PHP培训_PHP网站开发培训_PHP程序员培训学校_files

[ 2014-12-30T09:30:54+08:00 ] 192.168.1.219 /discuz/upload/static/js/common_postimg.js?Kyz
ERR: 无法加载控制器:Discuz

[ 2014-12-30T09:30:55+08:00 ] 192.168.1.219 /discuz/upload/static/js/common_postimg.js?Kyz
ERR: 无法加载控制器:Discuz

[ 2014-12-30T10:01:35+08:00 ] 192.168.1.135 /%E4%BC%A0%E6%99%BA%E6%92%AD%E5%AE%A2PHP%E5%AD%A6%E9%99%A2%E5%AE%98%E7%BD%91-%E5%8C%97%E4%BA%ACPHP%E5%9F%B9%E8%AE%AD_PHP%E7%BD%91%E7%AB%99%E5%BC%80%E5%8F%91%E5%9F%B9%E8%AE%AD_PHP%E7%A8%8B%E5%BA%8F%E5%91%98%E5%9F%B9%E8%AE%AD%E5%AD%A6%E6%A0%A1_files/api.htm
ERR: 无法加载控制器:传智播客PHP学院官网-北京PHP培训_PHP网站开发培训_PHP程序员培训学校_files

[ 2014-12-30T10:02:11+08:00 ] 127.0.0.1 /index.php/index/hqsj?callback=jQuery1706622962364062657_1419904926660&username=ylm&_=1419904931748
INFO: [ app_begin ] --START--
INFO: Run Behavior\ReadHtmlCacheBehavior [ RunTime:0.001000s ]
INFO: [ app_begin ] --END-- [ RunTime:0.001000s ]
NOTIC: [8192] mysql_connect(): The mysql extension is deprecated and will be removed in the future: use mysqli or PDO instead E:\bbs\ThinkPHP\Library\Think\Db\Driver\Mysql.class.php 第 52 行.
SQL: SHOW COLUMNS FROM `bbs_nav` [ RunTime:0.006000s ]
SQL: SELECT * FROM `bbs_nav` WHERE ( nav_category=0 and isset=1 ) ORDER BY orders  [ RunTime:0.001000s ]
SQL: SHOW COLUMNS FROM `bbs_admin_user` [ RunTime:0.006001s ]
SQL: SELECT * FROM `bbs_admin_user` WHERE ( username='ylm' )  [ RunTime:0.007000s ]
INFO: [ app_end ] --START--
INFO: Run Behavior\ShowPageTraceBehavior [ RunTime:0.001000s ]
INFO: [ app_end ] --END-- [ RunTime:0.001000s ]
SQL: SHOW COLUMNS FROM `bbs_pv` [ RunTime:0.005001s ]
SQL: SELECT * FROM `bbs_pv` WHERE `pv_time` = '2014-12-30'  [ RunTime:0.001000s ]
SQL: UPDATE `bbs_pv` SET `pv_count`=20 WHERE ( pid=24 ) [ RunTime:0.056003s ]

[ 2014-12-30T10:02:16+08:00 ] 127.0.0.1 /index.php/index/hqsj?callback=jQuery1706622962364062657_1419904926661&username=ylm&_=1419904936410
INFO: [ app_begin ] --START--
INFO: Run Behavior\ReadHtmlCacheBehavior [ RunTime:0.001000s ]
INFO: [ app_begin ] --END-- [ RunTime:0.001000s ]
NOTIC: [8192] mysql_connect(): The mysql extension is deprecated and will be removed in the future: use mysqli or PDO instead E:\bbs\ThinkPHP\Library\Think\Db\Driver\Mysql.class.php 第 52 行.
SQL: SHOW COLUMNS FROM `bbs_nav` [ RunTime:0.005000s ]
SQL: SELECT * FROM `bbs_nav` WHERE ( nav_category=0 and isset=1 ) ORDER BY orders  [ RunTime:0.001000s ]
SQL: SHOW COLUMNS FROM `bbs_admin_user` [ RunTime:0.004001s ]
SQL: SELECT * FROM `bbs_admin_user` WHERE ( username='ylm' )  [ RunTime:0.001000s ]
INFO: [ app_end ] --START--
INFO: Run Behavior\ShowPageTraceBehavior [ RunTime:0.001000s ]
INFO: [ app_end ] --END-- [ RunTime:0.001000s ]
SQL: SHOW COLUMNS FROM `bbs_pv` [ RunTime:0.004000s ]
SQL: SELECT * FROM `bbs_pv` WHERE `pv_time` = '2014-12-30'  [ RunTime:0.001000s ]
SQL: UPDATE `bbs_pv` SET `pv_count`=21 WHERE ( pid=24 ) [ RunTime:0.308018s ]

[ 2014-12-30T10:02:19+08:00 ] 127.0.0.1 /index.php/index/hqsj?callback=jQuery1706622962364062657_1419904926662&username=ylm&_=1419904939437
INFO: [ app_begin ] --START--
INFO: Run Behavior\ReadHtmlCacheBehavior [ RunTime:0.001000s ]
INFO: [ app_begin ] --END-- [ RunTime:0.001000s ]
NOTIC: [8192] mysql_connect(): The mysql extension is deprecated and will be removed in the future: use mysqli or PDO instead E:\bbs\ThinkPHP\Library\Think\Db\Driver\Mysql.class.php 第 52 行.
SQL: SHOW COLUMNS FROM `bbs_nav` [ RunTime:0.005000s ]
SQL: SELECT * FROM `bbs_nav` WHERE ( nav_category=0 and isset=1 ) ORDER BY orders  [ RunTime:0.001001s ]
SQL: SHOW COLUMNS FROM `bbs_admin_user` [ RunTime:0.005000s ]
SQL: SELECT * FROM `bbs_admin_user` WHERE ( username='ylm' )  [ RunTime:0.001000s ]
INFO: [ app_end ] --START--
INFO: Run Behavior\ShowPageTraceBehavior [ RunTime:0.001000s ]
INFO: [ app_end ] --END-- [ RunTime:0.001000s ]
SQL: SHOW COLUMNS FROM `bbs_pv` [ RunTime:0.005000s ]
SQL: SELECT * FROM `bbs_pv` WHERE `pv_time` = '2014-12-30'  [ RunTime:0.000000s ]
SQL: UPDATE `bbs_pv` SET `pv_count`=22 WHERE ( pid=24 ) [ RunTime:0.043003s ]

[ 2014-12-30T10:02:20+08:00 ] 192.168.1.120 /%E4%BC%A0%E6%99%BA%E6%92%AD%E5%AE%A2PHP%E5%AD%A6%E9%99%A2%E5%AE%98%E7%BD%91-%E5%8C%97%E4%BA%ACPHP%E5%9F%B9%E8%AE%AD_PHP%E7%BD%91%E7%AB%99%E5%BC%80%E5%8F%91%E5%9F%B9%E8%AE%AD_PHP%E7%A8%8B%E5%BA%8F%E5%91%98%E5%9F%B9%E8%AE%AD%E5%AD%A6%E6%A0%A1_files/api.htm
ERR: 无法加载控制器:传智播客PHP学院官网-北京PHP培训_PHP网站开发培训_PHP程序员培训学校_files

[ 2014-12-30T10:02:22+08:00 ] 127.0.0.1 /index.php/index/hqsj?callback=jQuery1706622962364062657_1419904926663&username=ylm&_=1419904942381
INFO: [ app_begin ] --START--
INFO: Run Behavior\ReadHtmlCacheBehavior [ RunTime:0.001000s ]
INFO: [ app_begin ] --END-- [ RunTime:0.003000s ]
NOTIC: [8192] mysql_connect(): The mysql extension is deprecated and will be removed in the future: use mysqli or PDO instead E:\bbs\ThinkPHP\Library\Think\Db\Driver\Mysql.class.php 第 52 行.
SQL: SHOW COLUMNS FROM `bbs_nav` [ RunTime:0.004000s ]
SQL: SELECT * FROM `bbs_nav` WHERE ( nav_category=0 and isset=1 ) ORDER BY orders  [ RunTime:0.000000s ]
SQL: SHOW COLUMNS FROM `bbs_admin_user` [ RunTime:0.004000s ]
SQL: SELECT * FROM `bbs_admin_user` WHERE ( username='ylm' )  [ RunTime:0.000000s ]
INFO: [ app_end ] --START--
INFO: Run Behavior\ShowPageTraceBehavior [ RunTime:0.001000s ]
INFO: [ app_end ] --END-- [ RunTime:0.001000s ]
SQL: SHOW COLUMNS FROM `bbs_pv` [ RunTime:0.004001s ]
SQL: SELECT * FROM `bbs_pv` WHERE `pv_time` = '2014-12-30'  [ RunTime:0.000000s ]
SQL: UPDATE `bbs_pv` SET `pv_count`=24 WHERE ( pid=24 ) [ RunTime:0.014000s ]

[ 2014-12-30T10:02:23+08:00 ] 192.168.1.120 /%E4%BC%A0%E6%99%BA%E6%92%AD%E5%AE%A2PHP%E5%AD%A6%E9%99%A2%E5%AE%98%E7%BD%91-%E5%8C%97%E4%BA%ACPHP%E5%9F%B9%E8%AE%AD_PHP%E7%BD%91%E7%AB%99%E5%BC%80%E5%8F%91%E5%9F%B9%E8%AE%AD_PHP%E7%A8%8B%E5%BA%8F%E5%91%98%E5%9F%B9%E8%AE%AD%E5%AD%A6%E6%A0%A1_files/api.htm
ERR: 无法加载控制器:传智播客PHP学院官网-北京PHP培训_PHP网站开发培训_PHP程序员培训学校_files

[ 2014-12-30T10:02:23+08:00 ] 127.0.0.1 /index.php/index/hqsj?callback=jQuery1706622962364062657_1419904926664&username=ylm&_=1419904943525
INFO: [ app_begin ] --START--
INFO: Run Behavior\ReadHtmlCacheBehavior [ RunTime:0.001000s ]
INFO: [ app_begin ] --END-- [ RunTime:0.001000s ]
NOTIC: [8192] mysql_connect(): The mysql extension is deprecated and will be removed in the future: use mysqli or PDO instead E:\bbs\ThinkPHP\Library\Think\Db\Driver\Mysql.class.php 第 52 行.
SQL: SHOW COLUMNS FROM `bbs_nav` [ RunTime:0.005001s ]
SQL: SELECT * FROM `bbs_nav` WHERE ( nav_category=0 and isset=1 ) ORDER BY orders  [ RunTime:0.001000s ]
SQL: SHOW COLUMNS FROM `bbs_admin_user` [ RunTime:0.004000s ]
SQL: SELECT * FROM `bbs_admin_user` WHERE ( username='ylm' )  [ RunTime:0.000000s ]
INFO: [ app_end ] --START--
INFO: Run Behavior\ShowPageTraceBehavior [ RunTime:0.001000s ]
INFO: [ app_end ] --END-- [ RunTime:0.001000s ]
SQL: SHOW COLUMNS FROM `bbs_pv` [ RunTime:0.004000s ]
SQL: SELECT * FROM `bbs_pv` WHERE `pv_time` = '2014-12-30'  [ RunTime:0.000000s ]
SQL: UPDATE `bbs_pv` SET `pv_count`=26 WHERE ( pid=24 ) [ RunTime:0.122007s ]

[ 2014-12-30T10:02:24+08:00 ] 127.0.0.1 /index.php/index/hqsj?callback=jQuery1706622962364062657_1419904926665&username=ylm&_=1419904944780
INFO: [ app_begin ] --START--
INFO: Run Behavior\ReadHtmlCacheBehavior [ RunTime:0.001000s ]
INFO: [ app_begin ] --END-- [ RunTime:0.002000s ]
NOTIC: [8192] mysql_connect(): The mysql extension is deprecated and will be removed in the future: use mysqli or PDO instead E:\bbs\ThinkPHP\Library\Think\Db\Driver\Mysql.class.php 第 52 行.
SQL: SHOW COLUMNS FROM `bbs_nav` [ RunTime:0.004000s ]
SQL: SELECT * FROM `bbs_nav` WHERE ( nav_category=0 and isset=1 ) ORDER BY orders  [ RunTime:0.019001s ]
SQL: SHOW COLUMNS FROM `bbs_admin_user` [ RunTime:0.005001s ]
SQL: SELECT * FROM `bbs_admin_user` WHERE ( username='ylm' )  [ RunTime:0.000000s ]
INFO: [ app_end ] --START--
INFO: Run Behavior\ShowPageTraceBehavior [ RunTime:0.001000s ]
INFO: [ app_end ] --END-- [ RunTime:0.001000s ]
SQL: SHOW COLUMNS FROM `bbs_pv` [ RunTime:0.004000s ]
SQL: SELECT * FROM `bbs_pv` WHERE `pv_time` = '2014-12-30'  [ RunTime:0.001000s ]
SQL: UPDATE `bbs_pv` SET `pv_count`=27 WHERE ( pid=24 ) [ RunTime:0.047003s ]

[ 2014-12-30T10:02:44+08:00 ] 192.168.1.135 /%E4%BC%A0%E6%99%BA%E6%92%AD%E5%AE%A2PHP%E5%AD%A6%E9%99%A2%E5%AE%98%E7%BD%91-%E5%8C%97%E4%BA%ACPHP%E5%9F%B9%E8%AE%AD_PHP%E7%BD%91%E7%AB%99%E5%BC%80%E5%8F%91%E5%9F%B9%E8%AE%AD_PHP%E7%A8%8B%E5%BA%8F%E5%91%98%E5%9F%B9%E8%AE%AD%E5%AD%A6%E6%A0%A1_files/api.htm
ERR: 无法加载控制器:传智播客PHP学院官网-北京PHP培训_PHP网站开发培训_PHP程序员培训学校_files

[ 2014-12-30T10:02:49+08:00 ] 192.168.1.135 /%E4%BC%A0%E6%99%BA%E6%92%AD%E5%AE%A2PHP%E5%AD%A6%E9%99%A2%E5%AE%98%E7%BD%91-%E5%8C%97%E4%BA%ACPHP%E5%9F%B9%E8%AE%AD_PHP%E7%BD%91%E7%AB%99%E5%BC%80%E5%8F%91%E5%9F%B9%E8%AE%AD_PHP%E7%A8%8B%E5%BA%8F%E5%91%98%E5%9F%B9%E8%AE%AD%E5%AD%A6%E6%A0%A1_files/api.htm
ERR: 无法加载控制器:传智播客PHP学院官网-北京PHP培训_PHP网站开发培训_PHP程序员培训学校_files

[ 2014-12-30T10:05:18+08:00 ] 127.0.0.1 /index.php/index/hqsj?callback=jQuery1704939939049046864_1419905114896&username=ylm&_=1419905118468
INFO: [ app_begin ] --START--
INFO: Run Behavior\ReadHtmlCacheBehavior [ RunTime:0.001000s ]
INFO: [ app_begin ] --END-- [ RunTime:0.002000s ]
NOTIC: [8192] mysql_connect(): The mysql extension is deprecated and will be removed in the future: use mysqli or PDO instead E:\bbs\ThinkPHP\Library\Think\Db\Driver\Mysql.class.php 第 52 行.
SQL: SHOW COLUMNS FROM `bbs_nav` [ RunTime:0.005000s ]
SQL: SELECT * FROM `bbs_nav` WHERE ( nav_category=0 and isset=1 ) ORDER BY orders  [ RunTime:0.001001s ]
SQL: SHOW COLUMNS FROM `bbs_admin_user` [ RunTime:0.005000s ]
SQL: SELECT * FROM `bbs_admin_user` WHERE ( username='ylm' )  [ RunTime:0.001000s ]
NOTIC: [8] Undefined index: phones E:\bbs\Application\Home\Controller\IndexController.class.php 第 252 行.
INFO: [ app_end ] --START--
INFO: Run Behavior\ShowPageTraceBehavior [ RunTime:0.001000s ]
INFO: [ app_end ] --END-- [ RunTime:0.001000s ]
SQL: SHOW COLUMNS FROM `bbs_pv` [ RunTime:0.004000s ]
SQL: SELECT * FROM `bbs_pv` WHERE `pv_time` = '2014-12-30'  [ RunTime:0.001000s ]
SQL: UPDATE `bbs_pv` SET `pv_count`=37 WHERE ( pid=24 ) [ RunTime:0.044003s ]

[ 2014-12-30T10:05:27+08:00 ] 127.0.0.1 /index.php/index/hqsj?callback=jQuery1707225262203805545_1419905121439&username=ylm&_=1419905127048
INFO: [ app_begin ] --START--
INFO: Run Behavior\ReadHtmlCacheBehavior [ RunTime:0.001000s ]
INFO: [ app_begin ] --END-- [ RunTime:0.001000s ]
NOTIC: [8192] mysql_connect(): The mysql extension is deprecated and will be removed in the future: use mysqli or PDO instead E:\bbs\ThinkPHP\Library\Think\Db\Driver\Mysql.class.php 第 52 行.
SQL: SHOW COLUMNS FROM `bbs_nav` [ RunTime:0.005000s ]
SQL: SELECT * FROM `bbs_nav` WHERE ( nav_category=0 and isset=1 ) ORDER BY orders  [ RunTime:0.001000s ]
SQL: SHOW COLUMNS FROM `bbs_admin_user` [ RunTime:0.005001s ]
SQL: SELECT * FROM `bbs_admin_user` WHERE ( username='ylm' )  [ RunTime:0.000000s ]
NOTIC: [8] Undefined index: phones E:\bbs\Application\Home\Controller\IndexController.class.php 第 252 行.
INFO: [ app_end ] --START--
INFO: Run Behavior\ShowPageTraceBehavior [ RunTime:0.001000s ]
INFO: [ app_end ] --END-- [ RunTime:0.001000s ]
SQL: SHOW COLUMNS FROM `bbs_pv` [ RunTime:0.004000s ]
SQL: SELECT * FROM `bbs_pv` WHERE `pv_time` = '2014-12-30'  [ RunTime:0.001000s ]
SQL: UPDATE `bbs_pv` SET `pv_count`=39 WHERE ( pid=24 ) [ RunTime:0.019001s ]

[ 2014-12-30T10:06:00+08:00 ] 127.0.0.1 /index.php/index/hqsj?callback=jQuery1707225262203805545_1419905121440&username=ylm&_=1419905160166
INFO: [ app_begin ] --START--
INFO: Run Behavior\ReadHtmlCacheBehavior [ RunTime:0.001000s ]
INFO: [ app_begin ] --END-- [ RunTime:0.002000s ]
NOTIC: [8192] mysql_connect(): The mysql extension is deprecated and will be removed in the future: use mysqli or PDO instead E:\bbs\ThinkPHP\Library\Think\Db\Driver\Mysql.class.php 第 52 行.
SQL: SHOW COLUMNS FROM `bbs_nav` [ RunTime:0.015001s ]
SQL: SELECT * FROM `bbs_nav` WHERE ( nav_category=0 and isset=1 ) ORDER BY orders  [ RunTime:0.001000s ]
SQL: SHOW COLUMNS FROM `bbs_admin_user` [ RunTime:0.005000s ]
SQL: SELECT * FROM `bbs_admin_user` WHERE ( username='ylm' )  [ RunTime:0.002000s ]
NOTIC: [8] Undefined index: phones E:\bbs\Application\Home\Controller\IndexController.class.php 第 252 行.
INFO: [ app_end ] --START--
INFO: Run Behavior\ShowPageTraceBehavior [ RunTime:0.001000s ]
INFO: [ app_end ] --END-- [ RunTime:0.001000s ]
SQL: SHOW COLUMNS FROM `bbs_pv` [ RunTime:0.006000s ]
SQL: SELECT * FROM `bbs_pv` WHERE `pv_time` = '2014-12-30'  [ RunTime:0.002000s ]
SQL: UPDATE `bbs_pv` SET `pv_count`=40 WHERE ( pid=24 ) [ RunTime:0.019002s ]

[ 2014-12-30T10:06:04+08:00 ] 127.0.0.1 /index.php/index/hqsj?callback=jQuery1707225262203805545_1419905121441&username=ylm&_=1419905164633
INFO: [ app_begin ] --START--
INFO: Run Behavior\ReadHtmlCacheBehavior [ RunTime:0.000000s ]
INFO: [ app_begin ] --END-- [ RunTime:0.001000s ]
NOTIC: [8192] mysql_connect(): The mysql extension is deprecated and will be removed in the future: use mysqli or PDO instead E:\bbs\ThinkPHP\Library\Think\Db\Driver\Mysql.class.php 第 52 行.
SQL: SHOW COLUMNS FROM `bbs_nav` [ RunTime:0.007000s ]
SQL: SELECT * FROM `bbs_nav` WHERE ( nav_category=0 and isset=1 ) ORDER BY orders  [ RunTime:0.001000s ]
SQL: SHOW COLUMNS FROM `bbs_admin_user` [ RunTime:0.005000s ]
SQL: SELECT * FROM `bbs_admin_user` WHERE ( username='ylm' )  [ RunTime:0.000000s ]
NOTIC: [8] Undefined index: phones E:\bbs\Application\Home\Controller\IndexController.class.php 第 252 行.
INFO: [ app_end ] --START--
INFO: Run Behavior\ShowPageTraceBehavior [ RunTime:0.001001s ]
INFO: [ app_end ] --END-- [ RunTime:0.001001s ]
SQL: SHOW COLUMNS FROM `bbs_pv` [ RunTime:0.005000s ]
SQL: SELECT * FROM `bbs_pv` WHERE `pv_time` = '2014-12-30'  [ RunTime:0.002000s ]
SQL: UPDATE `bbs_pv` SET `pv_count`=41 WHERE ( pid=24 ) [ RunTime:0.053003s ]

[ 2014-12-30T10:07:40+08:00 ] 127.0.0.1 /index.php/index/hqsj?callback=jQuery1702954653262342113_1419905257002&username=ylm&_=1419905259922
INFO: [ app_begin ] --START--
INFO: Run Behavior\ReadHtmlCacheBehavior [ RunTime:0.001000s ]
INFO: [ app_begin ] --END-- [ RunTime:0.001000s ]
NOTIC: [8192] mysql_connect(): The mysql extension is deprecated and will be removed in the future: use mysqli or PDO instead E:\bbs\ThinkPHP\Library\Think\Db\Driver\Mysql.class.php 第 52 行.
SQL: SHOW COLUMNS FROM `bbs_nav` [ RunTime:0.004001s ]
SQL: SELECT * FROM `bbs_nav` WHERE ( nav_category=0 and isset=1 ) ORDER BY orders  [ RunTime:0.000000s ]
SQL: SHOW COLUMNS FROM `bbs_admin_user` [ RunTime:0.004000s ]
SQL: SELECT * FROM `bbs_admin_user` WHERE ( username='ylm' )  [ RunTime:0.001000s ]
INFO: [ app_end ] --START--
INFO: Run Behavior\ShowPageTraceBehavior [ RunTime:0.001000s ]
INFO: [ app_end ] --END-- [ RunTime:0.001000s ]
SQL: SHOW COLUMNS FROM `bbs_pv` [ RunTime:0.005000s ]
SQL: SELECT * FROM `bbs_pv` WHERE `pv_time` = '2014-12-30'  [ RunTime:0.000000s ]
SQL: UPDATE `bbs_pv` SET `pv_count`=43 WHERE ( pid=24 ) [ RunTime:0.162010s ]

[ 2014-12-30T10:07:43+08:00 ] 127.0.0.1 /index.php/index/hqsj?callback=jQuery1702954653262342113_1419905257003&username=ylm&_=1419905263174
INFO: [ app_begin ] --START--
INFO: Run Behavior\ReadHtmlCacheBehavior [ RunTime:0.001000s ]
INFO: [ app_begin ] --END-- [ RunTime:0.001000s ]
NOTIC: [8192] mysql_connect(): The mysql extension is deprecated and will be removed in the future: use mysqli or PDO instead E:\bbs\ThinkPHP\Library\Think\Db\Driver\Mysql.class.php 第 52 行.
SQL: SHOW COLUMNS FROM `bbs_nav` [ RunTime:0.005001s ]
SQL: SELECT * FROM `bbs_nav` WHERE ( nav_category=0 and isset=1 ) ORDER BY orders  [ RunTime:0.001000s ]
SQL: SHOW COLUMNS FROM `bbs_admin_user` [ RunTime:0.004000s ]
SQL: SELECT * FROM `bbs_admin_user` WHERE ( username='ylm' )  [ RunTime:0.000000s ]
INFO: [ app_end ] --START--
INFO: Run Behavior\ShowPageTraceBehavior [ RunTime:0.001000s ]
INFO: [ app_end ] --END-- [ RunTime:0.001000s ]
SQL: SHOW COLUMNS FROM `bbs_pv` [ RunTime:0.004000s ]
SQL: SELECT * FROM `bbs_pv` WHERE `pv_time` = '2014-12-30'  [ RunTime:0.001000s ]
SQL: UPDATE `bbs_pv` SET `pv_count`=44 WHERE ( pid=24 ) [ RunTime:0.018001s ]

[ 2014-12-30T10:08:52+08:00 ] 127.0.0.1 /index.php/index/hqsj?callback=jQuery1707831288098847904_1419905329501&username=ylm&_=1419905332248
INFO: [ app_begin ] --START--
INFO: Run Behavior\ReadHtmlCacheBehavior [ RunTime:0.000000s ]
INFO: [ app_begin ] --END-- [ RunTime:0.001000s ]
NOTIC: [8192] mysql_connect(): The mysql extension is deprecated and will be removed in the future: use mysqli or PDO instead E:\bbs\ThinkPHP\Library\Think\Db\Driver\Mysql.class.php 第 52 行.
SQL: SHOW COLUMNS FROM `bbs_nav` [ RunTime:0.005000s ]
SQL: SELECT * FROM `bbs_nav` WHERE ( nav_category=0 and isset=1 ) ORDER BY orders  [ RunTime:0.001000s ]
SQL: SHOW COLUMNS FROM `bbs_admin_user` [ RunTime:0.005001s ]
SQL: SELECT * FROM `bbs_admin_user` WHERE ( username='ylm' )  [ RunTime:0.001000s ]
INFO: [ app_end ] --START--
INFO: Run Behavior\ShowPageTraceBehavior [ RunTime:0.001000s ]
INFO: [ app_end ] --END-- [ RunTime:0.001000s ]
SQL: SHOW COLUMNS FROM `bbs_pv` [ RunTime:0.004000s ]
SQL: SELECT * FROM `bbs_pv` WHERE `pv_time` = '2014-12-30'  [ RunTime:0.001000s ]
SQL: UPDATE `bbs_pv` SET `pv_count`=46 WHERE ( pid=24 ) [ RunTime:0.035002s ]

[ 2014-12-30T10:09:14+08:00 ] 127.0.0.1 /index.php/index/hqsj?callback=jQuery1707831288098847904_1419905329502&username=ylm&_=1419905354514
INFO: [ app_begin ] --START--
INFO: Run Behavior\ReadHtmlCacheBehavior [ RunTime:0.001000s ]
INFO: [ app_begin ] --END-- [ RunTime:0.002000s ]
NOTIC: [8192] mysql_connect(): The mysql extension is deprecated and will be removed in the future: use mysqli or PDO instead E:\bbs\ThinkPHP\Library\Think\Db\Driver\Mysql.class.php 第 52 行.
SQL: SHOW COLUMNS FROM `bbs_nav` [ RunTime:0.006000s ]
SQL: SELECT * FROM `bbs_nav` WHERE ( nav_category=0 and isset=1 ) ORDER BY orders  [ RunTime:0.001000s ]
SQL: SHOW COLUMNS FROM `bbs_admin_user` [ RunTime:0.004000s ]
SQL: SELECT * FROM `bbs_admin_user` WHERE ( username='ylm' )  [ RunTime:0.000000s ]
INFO: [ app_end ] --START--
INFO: Run Behavior\ShowPageTraceBehavior [ RunTime:0.001000s ]
INFO: [ app_end ] --END-- [ RunTime:0.001000s ]
SQL: SHOW COLUMNS FROM `bbs_pv` [ RunTime:0.005000s ]
SQL: SELECT * FROM `bbs_pv` WHERE `pv_time` = '2014-12-30'  [ RunTime:0.001000s ]
SQL: UPDATE `bbs_pv` SET `pv_count`=47 WHERE ( pid=24 ) [ RunTime:0.125007s ]

[ 2014-12-30T10:09:18+08:00 ] 127.0.0.1 /index.php/index/hqsj?callback=jQuery1707831288098847904_1419905329503&username=ylm&_=1419905358783
INFO: [ app_begin ] --START--
INFO: Run Behavior\ReadHtmlCacheBehavior [ RunTime:0.001000s ]
INFO: [ app_begin ] --END-- [ RunTime:0.001000s ]
NOTIC: [8192] mysql_connect(): The mysql extension is deprecated and will be removed in the future: use mysqli or PDO instead E:\bbs\ThinkPHP\Library\Think\Db\Driver\Mysql.class.php 第 52 行.
SQL: SHOW COLUMNS FROM `bbs_nav` [ RunTime:0.007000s ]
SQL: SELECT * FROM `bbs_nav` WHERE ( nav_category=0 and isset=1 ) ORDER BY orders  [ RunTime:0.001000s ]
SQL: SHOW COLUMNS FROM `bbs_admin_user` [ RunTime:0.004001s ]
SQL: SELECT * FROM `bbs_admin_user` WHERE ( username='ylm' )  [ RunTime:0.004000s ]
INFO: [ app_end ] --START--
INFO: Run Behavior\ShowPageTraceBehavior [ RunTime:0.002000s ]
INFO: [ app_end ] --END-- [ RunTime:0.002000s ]
SQL: SHOW COLUMNS FROM `bbs_pv` [ RunTime:0.019001s ]
SQL: SELECT * FROM `bbs_pv` WHERE `pv_time` = '2014-12-30'  [ RunTime:0.005001s ]
SQL: UPDATE `bbs_pv` SET `pv_count`=48 WHERE ( pid=24 ) [ RunTime:0.030001s ]

[ 2014-12-30T10:09:21+08:00 ] 127.0.0.1 /index.php/index/hqsj?callback=jQuery1707831288098847904_1419905329504&username=ylm&_=1419905361613
INFO: [ app_begin ] --START--
INFO: Run Behavior\ReadHtmlCacheBehavior [ RunTime:0.001000s ]
INFO: [ app_begin ] --END-- [ RunTime:0.002000s ]
NOTIC: [8192] mysql_connect(): The mysql extension is deprecated and will be removed in the future: use mysqli or PDO instead E:\bbs\ThinkPHP\Library\Think\Db\Driver\Mysql.class.php 第 52 行.
SQL: SHOW COLUMNS FROM `bbs_nav` [ RunTime:0.005000s ]
SQL: SELECT * FROM `bbs_nav` WHERE ( nav_category=0 and isset=1 ) ORDER BY orders  [ RunTime:0.001000s ]
SQL: SHOW COLUMNS FROM `bbs_admin_user` [ RunTime:0.005000s ]
SQL: SELECT * FROM `bbs_admin_user` WHERE ( username='ylm' )  [ RunTime:0.000000s ]
INFO: [ app_end ] --START--
INFO: Run Behavior\ShowPageTraceBehavior [ RunTime:0.001000s ]
INFO: [ app_end ] --END-- [ RunTime:0.001000s ]
SQL: SHOW COLUMNS FROM `bbs_pv` [ RunTime:0.004001s ]
SQL: SELECT * FROM `bbs_pv` WHERE `pv_time` = '2014-12-30'  [ RunTime:0.001000s ]
SQL: UPDATE `bbs_pv` SET `pv_count`=49 WHERE ( pid=24 ) [ RunTime:0.043002s ]

[ 2014-12-30T10:09:26+08:00 ] 127.0.0.1 /index.php/index/hqsj?callback=jQuery1707831288098847904_1419905329505&username=11&_=1419905366260
INFO: [ app_begin ] --START--
INFO: Run Behavior\ReadHtmlCacheBehavior [ RunTime:0.001000s ]
INFO: [ app_begin ] --END-- [ RunTime:0.001000s ]
NOTIC: [8192] mysql_connect(): The mysql extension is deprecated and will be removed in the future: use mysqli or PDO instead E:\bbs\ThinkPHP\Library\Think\Db\Driver\Mysql.class.php 第 52 行.
SQL: SHOW COLUMNS FROM `bbs_nav` [ RunTime:0.004000s ]
SQL: SELECT * FROM `bbs_nav` WHERE ( nav_category=0 and isset=1 ) ORDER BY orders  [ RunTime:0.001000s ]
SQL: SHOW COLUMNS FROM `bbs_admin_user` [ RunTime:0.005000s ]
SQL: SELECT * FROM `bbs_admin_user` WHERE ( username='11' )  [ RunTime:0.001000s ]
INFO: [ app_end ] --START--
INFO: Run Behavior\ShowPageTraceBehavior [ RunTime:0.001000s ]
INFO: [ app_end ] --END-- [ RunTime:0.001000s ]
SQL: SHOW COLUMNS FROM `bbs_pv` [ RunTime:0.004001s ]
SQL: SELECT * FROM `bbs_pv` WHERE `pv_time` = '2014-12-30'  [ RunTime:0.001000s ]
SQL: UPDATE `bbs_pv` SET `pv_count`=50 WHERE ( pid=24 ) [ RunTime:0.009000s ]

[ 2014-12-30T10:09:35+08:00 ] 127.0.0.1 /index.php/index/hqsj?callback=jQuery1707831288098847904_1419905329506&username=ylm&_=1419905375278
INFO: [ app_begin ] --START--
INFO: Run Behavior\ReadHtmlCacheBehavior [ RunTime:0.001000s ]
INFO: [ app_begin ] --END-- [ RunTime:0.001000s ]
NOTIC: [8192] mysql_connect(): The mysql extension is deprecated and will be removed in the future: use mysqli or PDO instead E:\bbs\ThinkPHP\Library\Think\Db\Driver\Mysql.class.php 第 52 行.
SQL: SHOW COLUMNS FROM `bbs_nav` [ RunTime:0.004000s ]
SQL: SELECT * FROM `bbs_nav` WHERE ( nav_category=0 and isset=1 ) ORDER BY orders  [ RunTime:0.000000s ]
SQL: SHOW COLUMNS FROM `bbs_admin_user` [ RunTime:0.005001s ]
SQL: SELECT * FROM `bbs_admin_user` WHERE ( username='ylm' )  [ RunTime:0.000000s ]
INFO: [ app_end ] --START--
INFO: Run Behavior\ShowPageTraceBehavior [ RunTime:0.001000s ]
INFO: [ app_end ] --END-- [ RunTime:0.001000s ]
SQL: SHOW COLUMNS FROM `bbs_pv` [ RunTime:0.005000s ]
SQL: SELECT * FROM `bbs_pv` WHERE `pv_time` = '2014-12-30'  [ RunTime:0.001000s ]
SQL: UPDATE `bbs_pv` SET `pv_count`=51 WHERE ( pid=24 ) [ RunTime:0.213012s ]

[ 2014-12-30T10:09:40+08:00 ] 127.0.0.1 /index.php/index/hqsj?callback=jQuery1707831288098847904_1419905329507&username=ylm&_=1419905380582
INFO: [ app_begin ] --START--
INFO: Run Behavior\ReadHtmlCacheBehavior [ RunTime:0.001000s ]
INFO: [ app_begin ] --END-- [ RunTime:0.002000s ]
NOTIC: [8192] mysql_connect(): The mysql extension is deprecated and will be removed in the future: use mysqli or PDO instead E:\bbs\ThinkPHP\Library\Think\Db\Driver\Mysql.class.php 第 52 行.
SQL: SHOW COLUMNS FROM `bbs_nav` [ RunTime:0.005000s ]
SQL: SELECT * FROM `bbs_nav` WHERE ( nav_category=0 and isset=1 ) ORDER BY orders  [ RunTime:0.001000s ]
SQL: SHOW COLUMNS FROM `bbs_admin_user` [ RunTime:0.006001s ]
SQL: SELECT * FROM `bbs_admin_user` WHERE ( username='ylm' )  [ RunTime:0.000000s ]
INFO: [ app_end ] --START--
INFO: Run Behavior\ShowPageTraceBehavior [ RunTime:0.001000s ]
INFO: [ app_end ] --END-- [ RunTime:0.001000s ]
SQL: SHOW COLUMNS FROM `bbs_pv` [ RunTime:0.004000s ]
SQL: SELECT * FROM `bbs_pv` WHERE `pv_time` = '2014-12-30'  [ RunTime:0.001000s ]
SQL: UPDATE `bbs_pv` SET `pv_count`=52 WHERE ( pid=24 ) [ RunTime:0.213012s ]

[ 2014-12-30T10:12:05+08:00 ] 127.0.0.1 /index.php/index/hqsj?callback=jQuery17011515263022729016_1419905522717&username=ylm&_=1419905524916
INFO: [ app_begin ] --START--
INFO: Run Behavior\ReadHtmlCacheBehavior [ RunTime:0.001000s ]
INFO: [ app_begin ] --END-- [ RunTime:0.001000s ]
NOTIC: [8192] mysql_connect(): The mysql extension is deprecated and will be removed in the future: use mysqli or PDO instead E:\bbs\ThinkPHP\Library\Think\Db\Driver\Mysql.class.php 第 52 行.
SQL: SHOW COLUMNS FROM `bbs_nav` [ RunTime:0.005000s ]
SQL: SELECT * FROM `bbs_nav` WHERE ( nav_category=0 and isset=1 ) ORDER BY orders  [ RunTime:0.001000s ]
SQL: SHOW COLUMNS FROM `bbs_admin_user` [ RunTime:0.004000s ]
SQL: SELECT * FROM `bbs_admin_user` WHERE ( username='ylm' )  [ RunTime:0.001000s ]
INFO: [ app_end ] --START--
INFO: Run Behavior\ShowPageTraceBehavior [ RunTime:0.001000s ]
INFO: [ app_end ] --END-- [ RunTime:0.001000s ]
SQL: SHOW COLUMNS FROM `bbs_pv` [ RunTime:0.004000s ]
SQL: SELECT * FROM `bbs_pv` WHERE `pv_time` = '2014-12-30'  [ RunTime:0.000000s ]
SQL: UPDATE `bbs_pv` SET `pv_count`=54 WHERE ( pid=24 ) [ RunTime:0.075004s ]

[ 2014-12-30T10:12:07+08:00 ] 127.0.0.1 /index.php/index/hqsj?callback=jQuery17011515263022729016_1419905522718&username=ylm&_=1419905527466
INFO: [ app_begin ] --START--
INFO: Run Behavior\ReadHtmlCacheBehavior [ RunTime:0.001000s ]
INFO: [ app_begin ] --END-- [ RunTime:0.002000s ]
NOTIC: [8192] mysql_connect(): The mysql extension is deprecated and will be removed in the future: use mysqli or PDO instead E:\bbs\ThinkPHP\Library\Think\Db\Driver\Mysql.class.php 第 52 行.
SQL: SHOW COLUMNS FROM `bbs_nav` [ RunTime:0.006000s ]
SQL: SELECT * FROM `bbs_nav` WHERE ( nav_category=0 and isset=1 ) ORDER BY orders  [ RunTime:0.000000s ]
SQL: SHOW COLUMNS FROM `bbs_admin_user` [ RunTime:0.003001s ]
SQL: SELECT * FROM `bbs_admin_user` WHERE ( username='ylm' )  [ RunTime:0.000000s ]
INFO: [ app_end ] --START--
INFO: Run Behavior\ShowPageTraceBehavior [ RunTime:0.002000s ]
INFO: [ app_end ] --END-- [ RunTime:0.003000s ]
SQL: SHOW COLUMNS FROM `bbs_pv` [ RunTime:0.004000s ]
SQL: SELECT * FROM `bbs_pv` WHERE `pv_time` = '2014-12-30'  [ RunTime:0.001000s ]
SQL: UPDATE `bbs_pv` SET `pv_count`=55 WHERE ( pid=24 ) [ RunTime:0.086005s ]

[ 2014-12-30T10:12:18+08:00 ] 127.0.0.1 /index.php/index/hqsj?callback=jQuery1708448458210677963_1419905529889&username=ylm&_=1419905538762
INFO: [ app_begin ] --START--
INFO: Run Behavior\ReadHtmlCacheBehavior [ RunTime:0.001000s ]
INFO: [ app_begin ] --END-- [ RunTime:0.001000s ]
NOTIC: [8192] mysql_connect(): The mysql extension is deprecated and will be removed in the future: use mysqli or PDO instead E:\bbs\ThinkPHP\Library\Think\Db\Driver\Mysql.class.php 第 52 行.
SQL: SHOW COLUMNS FROM `bbs_nav` [ RunTime:0.005000s ]
SQL: SELECT * FROM `bbs_nav` WHERE ( nav_category=0 and isset=1 ) ORDER BY orders  [ RunTime:0.000000s ]
SQL: SHOW COLUMNS FROM `bbs_admin_user` [ RunTime:0.005001s ]
SQL: SELECT * FROM `bbs_admin_user` WHERE ( username='ylm' )  [ RunTime:0.001000s ]
INFO: [ app_end ] --START--
INFO: Run Behavior\ShowPageTraceBehavior [ RunTime:0.000000s ]
INFO: [ app_end ] --END-- [ RunTime:0.001000s ]
SQL: SHOW COLUMNS FROM `bbs_pv` [ RunTime:0.004000s ]
SQL: SELECT * FROM `bbs_pv` WHERE `pv_time` = '2014-12-30'  [ RunTime:0.000000s ]
SQL: UPDATE `bbs_pv` SET `pv_count`=57 WHERE ( pid=24 ) [ RunTime:0.020001s ]

[ 2014-12-30T10:12:22+08:00 ] 127.0.0.1 /index.php/index/hqsj?callback=jQuery1708448458210677963_1419905529890&username=ylm&_=1419905541934
INFO: [ app_begin ] --START--
INFO: Run Behavior\ReadHtmlCacheBehavior [ RunTime:0.001000s ]
INFO: [ app_begin ] --END-- [ RunTime:0.001000s ]
NOTIC: [8192] mysql_connect(): The mysql extension is deprecated and will be removed in the future: use mysqli or PDO instead E:\bbs\ThinkPHP\Library\Think\Db\Driver\Mysql.class.php 第 52 行.
SQL: SHOW COLUMNS FROM `bbs_nav` [ RunTime:0.005000s ]
SQL: SELECT * FROM `bbs_nav` WHERE ( nav_category=0 and isset=1 ) ORDER BY orders  [ RunTime:0.001000s ]
SQL: SHOW COLUMNS FROM `bbs_admin_user` [ RunTime:0.004000s ]
SQL: SELECT * FROM `bbs_admin_user` WHERE ( username='ylm' )  [ RunTime:0.000000s ]
INFO: [ app_end ] --START--
INFO: Run Behavior\ShowPageTraceBehavior [ RunTime:0.001000s ]
INFO: [ app_end ] --END-- [ RunTime:0.001000s ]
SQL: SHOW COLUMNS FROM `bbs_pv` [ RunTime:0.004001s ]
SQL: SELECT * FROM `bbs_pv` WHERE `pv_time` = '2014-12-30'  [ RunTime:0.000000s ]
SQL: UPDATE `bbs_pv` SET `pv_count`=58 WHERE ( pid=24 ) [ RunTime:0.206011s ]

[ 2014-12-30T10:12:23+08:00 ] 127.0.0.1 /index.php/index/hqsj?callback=jQuery1708448458210677963_1419905529891&username=ylm&_=1419905542889
INFO: [ app_begin ] --START--
INFO: Run Behavior\ReadHtmlCacheBehavior [ RunTime:0.000000s ]
INFO: [ app_begin ] --END-- [ RunTime:0.001000s ]
NOTIC: [8192] mysql_connect(): The mysql extension is deprecated and will be removed in the future: use mysqli or PDO instead E:\bbs\ThinkPHP\Library\Think\Db\Driver\Mysql.class.php 第 52 行.
SQL: SHOW COLUMNS FROM `bbs_nav` [ RunTime:0.005001s ]
SQL: SELECT * FROM `bbs_nav` WHERE ( nav_category=0 and isset=1 ) ORDER BY orders  [ RunTime:0.001000s ]
SQL: SHOW COLUMNS FROM `bbs_admin_user` [ RunTime:0.004000s ]
SQL: SELECT * FROM `bbs_admin_user` WHERE ( username='ylm' )  [ RunTime:0.000000s ]
INFO: [ app_end ] --START--
INFO: Run Behavior\ShowPageTraceBehavior [ RunTime:0.001000s ]
INFO: [ app_end ] --END-- [ RunTime:0.001000s ]
SQL: SHOW COLUMNS FROM `bbs_pv` [ RunTime:0.005000s ]
SQL: SELECT * FROM `bbs_pv` WHERE `pv_time` = '2014-12-30'  [ RunTime:0.000000s ]
SQL: UPDATE `bbs_pv` SET `pv_count`=59 WHERE ( pid=24 ) [ RunTime:0.048003s ]

[ 2014-12-30T10:13:09+08:00 ] 127.0.0.1 /index.php/index/hqsj?callback=jQuery1703146350784438178_1419905586304&username=ylm&_=1419905589836
INFO: [ app_begin ] --START--
INFO: Run Behavior\ReadHtmlCacheBehavior [ RunTime:0.000000s ]
INFO: [ app_begin ] --END-- [ RunTime:0.001000s ]
NOTIC: [8192] mysql_connect(): The mysql extension is deprecated and will be removed in the future: use mysqli or PDO instead E:\bbs\ThinkPHP\Library\Think\Db\Driver\Mysql.class.php 第 52 行.
SQL: SHOW COLUMNS FROM `bbs_nav` [ RunTime:0.006000s ]
SQL: SELECT * FROM `bbs_nav` WHERE ( nav_category=0 and isset=1 ) ORDER BY orders  [ RunTime:0.001000s ]
SQL: SHOW COLUMNS FROM `bbs_admin_user` [ RunTime:0.004000s ]
SQL: SELECT * FROM `bbs_admin_user` WHERE ( username='ylm' )  [ RunTime:0.001000s ]
INFO: [ app_end ] --START--
INFO: Run Behavior\ShowPageTraceBehavior [ RunTime:0.001000s ]
INFO: [ app_end ] --END-- [ RunTime:0.001000s ]
SQL: SHOW COLUMNS FROM `bbs_pv` [ RunTime:0.005001s ]
SQL: SELECT * FROM `bbs_pv` WHERE `pv_time` = '2014-12-30'  [ RunTime:0.001000s ]
SQL: UPDATE `bbs_pv` SET `pv_count`=61 WHERE ( pid=24 ) [ RunTime:0.011000s ]

[ 2014-12-30T10:13:50+08:00 ] 127.0.0.1 /index.php/index/hqsj?callback=jQuery1703146350784438178_1419905586305&username=ylm&_=1419905630881
INFO: [ app_begin ] --START--
INFO: Run Behavior\ReadHtmlCacheBehavior [ RunTime:0.001001s ]
INFO: [ app_begin ] --END-- [ RunTime:0.002001s ]
NOTIC: [8192] mysql_connect(): The mysql extension is deprecated and will be removed in the future: use mysqli or PDO instead E:\bbs\ThinkPHP\Library\Think\Db\Driver\Mysql.class.php 第 52 行.
SQL: SHOW COLUMNS FROM `bbs_nav` [ RunTime:0.005000s ]
SQL: SELECT * FROM `bbs_nav` WHERE ( nav_category=0 and isset=1 ) ORDER BY orders  [ RunTime:0.001000s ]
SQL: SHOW COLUMNS FROM `bbs_admin_user` [ RunTime:0.008001s ]
SQL: SELECT * FROM `bbs_admin_user` WHERE ( username='ylm' )  [ RunTime:0.001000s ]
INFO: [ app_end ] --START--
INFO: Run Behavior\ShowPageTraceBehavior [ RunTime:0.001000s ]
INFO: [ app_end ] --END-- [ RunTime:0.001000s ]
SQL: SHOW COLUMNS FROM `bbs_pv` [ RunTime:0.006000s ]
SQL: SELECT * FROM `bbs_pv` WHERE `pv_time` = '2014-12-30'  [ RunTime:0.001000s ]
SQL: UPDATE `bbs_pv` SET `pv_count`=62 WHERE ( pid=24 ) [ RunTime:0.018001s ]

[ 2014-12-30T10:14:54+08:00 ] 127.0.0.1 /index.php/index/hqsj?callback=jQuery1705953015188721266_1419905678604&username=ylm&_=1419905694238
INFO: [ app_begin ] --START--
INFO: Run Behavior\ReadHtmlCacheBehavior [ RunTime:0.001000s ]
INFO: [ app_begin ] --END-- [ RunTime:0.001000s ]
NOTIC: [8192] mysql_connect(): The mysql extension is deprecated and will be removed in the future: use mysqli or PDO instead E:\bbs\ThinkPHP\Library\Think\Db\Driver\Mysql.class.php 第 52 行.
SQL: SHOW COLUMNS FROM `bbs_nav` [ RunTime:0.004001s ]
SQL: SELECT * FROM `bbs_nav` WHERE ( nav_category=0 and isset=1 ) ORDER BY orders  [ RunTime:0.000000s ]
SQL: SHOW COLUMNS FROM `bbs_admin_user` [ RunTime:0.004000s ]
SQL: SELECT * FROM `bbs_admin_user` WHERE ( username='ylm' )  [ RunTime:0.001000s ]
INFO: [ app_end ] --START--
INFO: Run Behavior\ShowPageTraceBehavior [ RunTime:0.001000s ]
INFO: [ app_end ] --END-- [ RunTime:0.001000s ]
SQL: SHOW COLUMNS FROM `bbs_pv` [ RunTime:0.004000s ]
SQL: SELECT * FROM `bbs_pv` WHERE `pv_time` = '2014-12-30'  [ RunTime:0.001000s ]
SQL: UPDATE `bbs_pv` SET `pv_count`=64 WHERE ( pid=24 ) [ RunTime:0.026002s ]

[ 2014-12-30T10:15:00+08:00 ] 127.0.0.1 /index.php/index/hqsj?callback=jQuery1705953015188721266_1419905678605&username=ylm&_=1419905700383
INFO: [ app_begin ] --START--
INFO: Run Behavior\ReadHtmlCacheBehavior [ RunTime:0.000000s ]
INFO: [ app_begin ] --END-- [ RunTime:0.001000s ]
NOTIC: [8192] mysql_connect(): The mysql extension is deprecated and will be removed in the future: use mysqli or PDO instead E:\bbs\ThinkPHP\Library\Think\Db\Driver\Mysql.class.php 第 52 行.
SQL: SHOW COLUMNS FROM `bbs_nav` [ RunTime:0.005001s ]
SQL: SELECT * FROM `bbs_nav` WHERE ( nav_category=0 and isset=1 ) ORDER BY orders  [ RunTime:0.000000s ]
SQL: SHOW COLUMNS FROM `bbs_admin_user` [ RunTime:0.005000s ]
SQL: SELECT * FROM `bbs_admin_user` WHERE ( username='ylm' )  [ RunTime:0.001000s ]
INFO: [ app_end ] --START--
INFO: Run Behavior\ShowPageTraceBehavior [ RunTime:0.001000s ]
INFO: [ app_end ] --END-- [ RunTime:0.001000s ]
SQL: SHOW COLUMNS FROM `bbs_pv` [ RunTime:0.005000s ]
SQL: SELECT * FROM `bbs_pv` WHERE `pv_time` = '2014-12-30'  [ RunTime:0.001000s ]
SQL: UPDATE `bbs_pv` SET `pv_count`=65 WHERE ( pid=24 ) [ RunTime:0.270015s ]

[ 2014-12-30T10:16:13+08:00 ] 127.0.0.1 /index.php/index/hqsj?callback=jQuery1708012720236087679_1419905766719&username=ylm&_=1419905772759
INFO: [ app_begin ] --START--
INFO: Run Behavior\ReadHtmlCacheBehavior [ RunTime:0.001000s ]
INFO: [ app_begin ] --END-- [ RunTime:0.002000s ]
NOTIC: [8192] mysql_connect(): The mysql extension is deprecated and will be removed in the future: use mysqli or PDO instead E:\bbs\ThinkPHP\Library\Think\Db\Driver\Mysql.class.php 第 52 行.
SQL: SHOW COLUMNS FROM `bbs_nav` [ RunTime:0.005000s ]
SQL: SELECT * FROM `bbs_nav` WHERE ( nav_category=0 and isset=1 ) ORDER BY orders  [ RunTime:0.001000s ]
SQL: SHOW COLUMNS FROM `bbs_admin_user` [ RunTime:0.005000s ]
SQL: SELECT * FROM `bbs_admin_user` WHERE ( username='ylm' )  [ RunTime:0.001000s ]
INFO: [ app_end ] --START--
INFO: Run Behavior\ShowPageTraceBehavior [ RunTime:0.001000s ]
INFO: [ app_end ] --END-- [ RunTime:0.001000s ]
SQL: SHOW COLUMNS FROM `bbs_pv` [ RunTime:0.005001s ]
SQL: SELECT * FROM `bbs_pv` WHERE `pv_time` = '2014-12-30'  [ RunTime:0.001000s ]
SQL: UPDATE `bbs_pv` SET `pv_count`=67 WHERE ( pid=24 ) [ RunTime:0.225013s ]

[ 2014-12-30T10:17:10+08:00 ] 127.0.0.1 /index.php/index/undefined
ERR: 非法操作:undefined

[ 2014-12-30T10:19:06+08:00 ] 127.0.0.1 /index.php/index/%E4%BC%A0%E6%99%BA%E6%92%AD%E5%AE%A2PHP%E5%AD%A6%E9%99%A2%E5%AE%98%E7%BD%91-%E5%8C%97%E4%BA%ACPHP%E5%9F%B9%E8%AE%AD_PHP%E7%BD%91%E7%AB%99%E5%BC%80%E5%8F%91%E5%9F%B9%E8%AE%AD_PHP%E7%A8%8B%E5%BA%8F%E5%91%98%E5%9F%B9%E8%AE%AD%E5%AD%A6%E6%A0%A1_files/api.htm
ERR: 非法操作:传智播客PHP学院官网-北京PHP培训_PHP网站开发培训_PHP程序员培训学校_files

[ 2014-12-30T10:19:18+08:00 ] 127.0.0.1 /index.php/index/hqsj?callback=jQuery170843809626045415_1419905950256&username=ylm&_=1419905958149
INFO: [ app_begin ] --START--
INFO: Run Behavior\ReadHtmlCacheBehavior [ RunTime:0.002000s ]
INFO: [ app_begin ] --END-- [ RunTime:0.003000s ]
NOTIC: [8192] mysql_connect(): The mysql extension is deprecated and will be removed in the future: use mysqli or PDO instead E:\bbs\ThinkPHP\Library\Think\Db\Driver\Mysql.class.php 第 52 行.
SQL: SHOW COLUMNS FROM `bbs_nav` [ RunTime:0.004001s ]
SQL: SELECT * FROM `bbs_nav` WHERE ( nav_category=0 and isset=1 ) ORDER BY orders  [ RunTime:0.001000s ]
SQL: SHOW COLUMNS FROM `bbs_admin_user` [ RunTime:0.005000s ]
SQL: SELECT * FROM `bbs_admin_user` WHERE ( username='ylm' )  [ RunTime:0.000000s ]
INFO: [ app_end ] --START--
INFO: Run Behavior\ShowPageTraceBehavior [ RunTime:0.001000s ]
INFO: [ app_end ] --END-- [ RunTime:0.001000s ]
SQL: SHOW COLUMNS FROM `bbs_pv` [ RunTime:0.005000s ]
SQL: SELECT * FROM `bbs_pv` WHERE `pv_time` = '2014-12-30'  [ RunTime:0.000000s ]
SQL: UPDATE `bbs_pv` SET `pv_count`=77 WHERE ( pid=24 ) [ RunTime:0.014001s ]

[ 2014-12-30T10:25:50+08:00 ] 127.0.0.1 /index.php/index/hqsj?callback=jQuery1708682237211934621_1419906344038&username=ylm&_=1419906349796
INFO: [ app_begin ] --START--
INFO: Run Behavior\ReadHtmlCacheBehavior [ RunTime:0.001000s ]
INFO: [ app_begin ] --END-- [ RunTime:0.001000s ]
NOTIC: [8192] mysql_connect(): The mysql extension is deprecated and will be removed in the future: use mysqli or PDO instead E:\bbs\ThinkPHP\Library\Think\Db\Driver\Mysql.class.php 第 52 行.
SQL: SHOW COLUMNS FROM `bbs_nav` [ RunTime:0.005001s ]
SQL: SELECT * FROM `bbs_nav` WHERE ( nav_category=0 and isset=1 ) ORDER BY orders  [ RunTime:0.001000s ]
SQL: SHOW COLUMNS FROM `bbs_admin_user` [ RunTime:0.005000s ]
SQL: SELECT * FROM `bbs_admin_user` WHERE ( username='ylm' )  [ RunTime:0.001000s ]
INFO: [ app_end ] --START--
INFO: Run Behavior\ShowPageTraceBehavior [ RunTime:0.001000s ]
INFO: [ app_end ] --END-- [ RunTime:0.001000s ]
SQL: SHOW COLUMNS FROM `bbs_pv` [ RunTime:0.004000s ]
SQL: SELECT * FROM `bbs_pv` WHERE `pv_time` = '2014-12-30'  [ RunTime:0.001000s ]
SQL: UPDATE `bbs_pv` SET `pv_count`=83 WHERE ( pid=24 ) [ RunTime:0.146009s ]

[ 2014-12-30T10:27:44+08:00 ] 127.0.0.1 /index.php/index/hqsj?callback=jQuery1707099689487516402_1419906451716&username=ylm&_=1419906464062
INFO: [ app_begin ] --START--
INFO: Run Behavior\ReadHtmlCacheBehavior [ RunTime:0.001000s ]
INFO: [ app_begin ] --END-- [ RunTime:0.001000s ]
NOTIC: [8192] mysql_connect(): The mysql extension is deprecated and will be removed in the future: use mysqli or PDO instead E:\bbs\ThinkPHP\Library\Think\Db\Driver\Mysql.class.php 第 52 行.
SQL: SHOW COLUMNS FROM `bbs_nav` [ RunTime:0.005000s ]
SQL: SELECT * FROM `bbs_nav` WHERE ( nav_category=0 and isset=1 ) ORDER BY orders  [ RunTime:0.001000s ]
SQL: SHOW COLUMNS FROM `bbs_admin_user` [ RunTime:0.005000s ]
SQL: SELECT * FROM `bbs_admin_user` WHERE ( username='ylm' )  [ RunTime:0.001000s ]
INFO: [ app_end ] --START--
INFO: Run Behavior\ShowPageTraceBehavior [ RunTime:0.001000s ]
INFO: [ app_end ] --END-- [ RunTime:0.001000s ]
SQL: SHOW COLUMNS FROM `bbs_pv` [ RunTime:0.004001s ]
SQL: SELECT * FROM `bbs_pv` WHERE `pv_time` = '2014-12-30'  [ RunTime:0.001000s ]
SQL: UPDATE `bbs_pv` SET `pv_count`=85 WHERE ( pid=24 ) [ RunTime:0.021001s ]

[ 2014-12-30T10:27:46+08:00 ] 127.0.0.1 /index.php/index/hqsj?callback=jQuery1707099689487516402_1419906451717&username=ylm&_=1419906466856
INFO: [ app_begin ] --START--
INFO: Run Behavior\ReadHtmlCacheBehavior [ RunTime:0.001000s ]
INFO: [ app_begin ] --END-- [ RunTime:0.001000s ]
NOTIC: [8192] mysql_connect(): The mysql extension is deprecated and will be removed in the future: use mysqli or PDO instead E:\bbs\ThinkPHP\Library\Think\Db\Driver\Mysql.class.php 第 52 行.
SQL: SHOW COLUMNS FROM `bbs_nav` [ RunTime:0.004000s ]
SQL: SELECT * FROM `bbs_nav` WHERE ( nav_category=0 and isset=1 ) ORDER BY orders  [ RunTime:0.003001s ]
SQL: SHOW COLUMNS FROM `bbs_admin_user` [ RunTime:0.005000s ]
SQL: SELECT * FROM `bbs_admin_user` WHERE ( username='ylm' )  [ RunTime:0.003000s ]
INFO: [ app_end ] --START--
INFO: Run Behavior\ShowPageTraceBehavior [ RunTime:0.001000s ]
INFO: [ app_end ] --END-- [ RunTime:0.001000s ]
SQL: SHOW COLUMNS FROM `bbs_pv` [ RunTime:0.004000s ]
SQL: SELECT * FROM `bbs_pv` WHERE `pv_time` = '2014-12-30'  [ RunTime:0.003001s ]
SQL: UPDATE `bbs_pv` SET `pv_count`=86 WHERE ( pid=24 ) [ RunTime:0.024001s ]

[ 2014-12-30T10:28:02+08:00 ] 127.0.0.1 /index.php/index/hqsj?callback=jQuery1707099689487516402_1419906451718&username=ylm&_=1419906482804
INFO: [ app_begin ] --START--
INFO: Run Behavior\ReadHtmlCacheBehavior [ RunTime:0.001000s ]
INFO: [ app_begin ] --END-- [ RunTime:0.001000s ]
NOTIC: [8192] mysql_connect(): The mysql extension is deprecated and will be removed in the future: use mysqli or PDO instead E:\bbs\ThinkPHP\Library\Think\Db\Driver\Mysql.class.php 第 52 行.
SQL: SHOW COLUMNS FROM `bbs_nav` [ RunTime:0.007000s ]
SQL: SELECT * FROM `bbs_nav` WHERE ( nav_category=0 and isset=1 ) ORDER BY orders  [ RunTime:0.000000s ]
SQL: SHOW COLUMNS FROM `bbs_admin_user` [ RunTime:0.010000s ]
SQL: SELECT * FROM `bbs_admin_user` WHERE ( username='ylm' )  [ RunTime:0.002000s ]
INFO: [ app_end ] --START--
INFO: Run Behavior\ShowPageTraceBehavior [ RunTime:0.002000s ]
INFO: [ app_end ] --END-- [ RunTime:0.002000s ]
SQL: SHOW COLUMNS FROM `bbs_pv` [ RunTime:0.010001s ]
SQL: SELECT * FROM `bbs_pv` WHERE `pv_time` = '2014-12-30'  [ RunTime:0.003000s ]
SQL: UPDATE `bbs_pv` SET `pv_count`=88 WHERE ( pid=24 ) [ RunTime:0.018001s ]

[ 2014-12-30T10:29:10+08:00 ] 127.0.0.1 /index.php/index/hqsj?callback=jQuery17013204178056996585_1419906543520&username=ylm&_=1419906549857
INFO: [ app_begin ] --START--
INFO: Run Behavior\ReadHtmlCacheBehavior [ RunTime:0.000000s ]
INFO: [ app_begin ] --END-- [ RunTime:0.000000s ]
NOTIC: [8192] mysql_connect(): The mysql extension is deprecated and will be removed in the future: use mysqli or PDO instead E:\bbs\ThinkPHP\Library\Think\Db\Driver\Mysql.class.php 第 52 行.
SQL: SHOW COLUMNS FROM `bbs_nav` [ RunTime:0.006000s ]
SQL: SELECT * FROM `bbs_nav` WHERE ( nav_category=0 and isset=1 ) ORDER BY orders  [ RunTime:0.001000s ]
SQL: SHOW COLUMNS FROM `bbs_admin_user` [ RunTime:0.004000s ]
SQL: SELECT * FROM `bbs_admin_user` WHERE ( username='ylm' )  [ RunTime:0.001000s ]
INFO: [ app_end ] --START--
INFO: Run Behavior\ShowPageTraceBehavior [ RunTime:0.001000s ]
INFO: [ app_end ] --END-- [ RunTime:0.001000s ]
SQL: SHOW COLUMNS FROM `bbs_pv` [ RunTime:0.004001s ]
SQL: SELECT * FROM `bbs_pv` WHERE `pv_time` = '2014-12-30'  [ RunTime:0.000000s ]
SQL: UPDATE `bbs_pv` SET `pv_count`=90 WHERE ( pid=24 ) [ RunTime:0.147008s ]

[ 2014-12-30T10:33:17+08:00 ] 127.0.0.1 /index.php/index/hqsj?callback=jQuery1709163472566295517_1419906793785&username=11&_=1419906797836
INFO: [ app_begin ] --START--
INFO: Run Behavior\ReadHtmlCacheBehavior [ RunTime:0.001000s ]
INFO: [ app_begin ] --END-- [ RunTime:0.002000s ]
NOTIC: [8192] mysql_connect(): The mysql extension is deprecated and will be removed in the future: use mysqli or PDO instead E:\bbs\ThinkPHP\Library\Think\Db\Driver\Mysql.class.php 第 52 行.
SQL: SHOW COLUMNS FROM `bbs_nav` [ RunTime:0.005000s ]
SQL: SELECT * FROM `bbs_nav` WHERE ( nav_category=0 and isset=1 ) ORDER BY orders  [ RunTime:0.000000s ]
SQL: SHOW COLUMNS FROM `bbs_admin_user` [ RunTime:0.004001s ]
SQL: SELECT * FROM `bbs_admin_user` WHERE ( username='11' )  [ RunTime:0.000000s ]
INFO: [ app_end ] --START--
INFO: Run Behavior\ShowPageTraceBehavior [ RunTime:0.001000s ]
INFO: [ app_end ] --END-- [ RunTime:0.001000s ]
SQL: SHOW COLUMNS FROM `bbs_pv` [ RunTime:0.004000s ]
SQL: SELECT * FROM `bbs_pv` WHERE `pv_time` = '2014-12-30'  [ RunTime:0.001000s ]
SQL: UPDATE `bbs_pv` SET `pv_count`=93 WHERE ( pid=24 ) [ RunTime:0.028002s ]

[ 2014-12-30T10:33:21+08:00 ] 127.0.0.1 /index.php/index/hqsj?callback=jQuery1709163472566295517_1419906793786&username=11&_=1419906801825
INFO: [ app_begin ] --START--
INFO: Run Behavior\ReadHtmlCacheBehavior [ RunTime:0.001000s ]
INFO: [ app_begin ] --END-- [ RunTime:0.001000s ]
NOTIC: [8192] mysql_connect(): The mysql extension is deprecated and will be removed in the future: use mysqli or PDO instead E:\bbs\ThinkPHP\Library\Think\Db\Driver\Mysql.class.php 第 52 行.
SQL: SHOW COLUMNS FROM `bbs_nav` [ RunTime:0.006000s ]
SQL: SELECT * FROM `bbs_nav` WHERE ( nav_category=0 and isset=1 ) ORDER BY orders  [ RunTime:0.001000s ]
SQL: SHOW COLUMNS FROM `bbs_admin_user` [ RunTime:0.008001s ]
SQL: SELECT * FROM `bbs_admin_user` WHERE ( username='11' )  [ RunTime:0.001000s ]
INFO: [ app_end ] --START--
INFO: Run Behavior\ShowPageTraceBehavior [ RunTime:0.001000s ]
INFO: [ app_end ] --END-- [ RunTime:0.001000s ]
SQL: SHOW COLUMNS FROM `bbs_pv` [ RunTime:0.005000s ]
SQL: SELECT * FROM `bbs_pv` WHERE `pv_time` = '2014-12-30'  [ RunTime:0.001000s ]
SQL: UPDATE `bbs_pv` SET `pv_count`=94 WHERE ( pid=24 ) [ RunTime:0.015001s ]

[ 2014-12-30T10:33:26+08:00 ] 127.0.0.1 /index.php/index/hqsj?callback=jQuery1709163472566295517_1419906793787&username=ylm&_=1419906806390
INFO: [ app_begin ] --START--
INFO: Run Behavior\ReadHtmlCacheBehavior [ RunTime:0.001000s ]
INFO: [ app_begin ] --END-- [ RunTime:0.001000s ]
NOTIC: [8192] mysql_connect(): The mysql extension is deprecated and will be removed in the future: use mysqli or PDO instead E:\bbs\ThinkPHP\Library\Think\Db\Driver\Mysql.class.php 第 52 行.
SQL: SHOW COLUMNS FROM `bbs_nav` [ RunTime:0.005000s ]
SQL: SELECT * FROM `bbs_nav` WHERE ( nav_category=0 and isset=1 ) ORDER BY orders  [ RunTime:0.001000s ]
SQL: SHOW COLUMNS FROM `bbs_admin_user` [ RunTime:0.004001s ]
SQL: SELECT * FROM `bbs_admin_user` WHERE ( username='ylm' )  [ RunTime:0.000000s ]
INFO: [ app_end ] --START--
INFO: Run Behavior\ShowPageTraceBehavior [ RunTime:0.002000s ]
INFO: [ app_end ] --END-- [ RunTime:0.002000s ]
SQL: SHOW COLUMNS FROM `bbs_pv` [ RunTime:0.005000s ]
SQL: SELECT * FROM `bbs_pv` WHERE `pv_time` = '2014-12-30'  [ RunTime:0.001000s ]
SQL: UPDATE `bbs_pv` SET `pv_count`=95 WHERE ( pid=24 ) [ RunTime:0.028002s ]

[ 2014-12-30T10:33:28+08:00 ] 127.0.0.1 /index.php/index/hqsj?callback=jQuery1709163472566295517_1419906793788&username=ylm&_=1419906807817
INFO: [ app_begin ] --START--
INFO: Run Behavior\ReadHtmlCacheBehavior [ RunTime:0.001000s ]
INFO: [ app_begin ] --END-- [ RunTime:0.002000s ]
NOTIC: [8192] mysql_connect(): The mysql extension is deprecated and will be removed in the future: use mysqli or PDO instead E:\bbs\ThinkPHP\Library\Think\Db\Driver\Mysql.class.php 第 52 行.
SQL: SHOW COLUMNS FROM `bbs_nav` [ RunTime:0.005000s ]
SQL: SELECT * FROM `bbs_nav` WHERE ( nav_category=0 and isset=1 ) ORDER BY orders  [ RunTime:0.001000s ]
SQL: SHOW COLUMNS FROM `bbs_admin_user` [ RunTime:0.005000s ]
SQL: SELECT * FROM `bbs_admin_user` WHERE ( username='ylm' )  [ RunTime:0.001001s ]
INFO: [ app_end ] --START--
INFO: Run Behavior\ShowPageTraceBehavior [ RunTime:0.001000s ]
INFO: [ app_end ] --END-- [ RunTime:0.001000s ]
SQL: SHOW COLUMNS FROM `bbs_pv` [ RunTime:0.005000s ]
SQL: SELECT * FROM `bbs_pv` WHERE `pv_time` = '2014-12-30'  [ RunTime:0.000000s ]
SQL: UPDATE `bbs_pv` SET `pv_count`=96 WHERE ( pid=24 ) [ RunTime:0.220012s ]

[ 2014-12-30T10:33:29+08:00 ] 127.0.0.1 /index.php/index/hqsj?callback=jQuery1709163472566295517_1419906793789&username=ylm&_=1419906809150
INFO: [ app_begin ] --START--
INFO: Run Behavior\ReadHtmlCacheBehavior [ RunTime:0.001000s ]
INFO: [ app_begin ] --END-- [ RunTime:0.001000s ]
NOTIC: [8192] mysql_connect(): The mysql extension is deprecated and will be removed in the future: use mysqli or PDO instead E:\bbs\ThinkPHP\Library\Think\Db\Driver\Mysql.class.php 第 52 行.
SQL: SHOW COLUMNS FROM `bbs_nav` [ RunTime:0.005000s ]
SQL: SELECT * FROM `bbs_nav` WHERE ( nav_category=0 and isset=1 ) ORDER BY orders  [ RunTime:0.001001s ]
SQL: SHOW COLUMNS FROM `bbs_admin_user` [ RunTime:0.004000s ]
SQL: SELECT * FROM `bbs_admin_user` WHERE ( username='ylm' )  [ RunTime:0.000000s ]
INFO: [ app_end ] --START--
INFO: Run Behavior\ShowPageTraceBehavior [ RunTime:0.001000s ]
INFO: [ app_end ] --END-- [ RunTime:0.001000s ]
SQL: SHOW COLUMNS FROM `bbs_pv` [ RunTime:0.004000s ]
SQL: SELECT * FROM `bbs_pv` WHERE `pv_time` = '2014-12-30'  [ RunTime:0.001000s ]
SQL: UPDATE `bbs_pv` SET `pv_count`=97 WHERE ( pid=24 ) [ RunTime:0.012001s ]

[ 2014-12-30T10:34:23+08:00 ] 127.0.0.1 /index.php/index/hqsj?callback=jQuery17016848795285674223_1419906860152&username=12&_=1419906863026
INFO: [ app_begin ] --START--
INFO: Run Behavior\ReadHtmlCacheBehavior [ RunTime:0.001000s ]
INFO: [ app_begin ] --END-- [ RunTime:0.002000s ]
NOTIC: [8192] mysql_connect(): The mysql extension is deprecated and will be removed in the future: use mysqli or PDO instead E:\bbs\ThinkPHP\Library\Think\Db\Driver\Mysql.class.php 第 52 行.
SQL: SHOW COLUMNS FROM `bbs_nav` [ RunTime:0.005001s ]
SQL: SELECT * FROM `bbs_nav` WHERE ( nav_category=0 and isset=1 ) ORDER BY orders  [ RunTime:0.001000s ]
SQL: SHOW COLUMNS FROM `bbs_admin_user` [ RunTime:0.005000s ]
SQL: SELECT * FROM `bbs_admin_user` WHERE ( username='12' )  [ RunTime:0.001000s ]
INFO: [ app_end ] --START--
INFO: Run Behavior\ShowPageTraceBehavior [ RunTime:0.001000s ]
INFO: [ app_end ] --END-- [ RunTime:0.001000s ]
SQL: SHOW COLUMNS FROM `bbs_pv` [ RunTime:0.005000s ]
SQL: SELECT * FROM `bbs_pv` WHERE `pv_time` = '2014-12-30'  [ RunTime:0.001000s ]
SQL: UPDATE `bbs_pv` SET `pv_count`=100 WHERE ( pid=24 ) [ RunTime:0.020002s ]

[ 2014-12-30T10:34:31+08:00 ] 127.0.0.1 /index.php/index/hqsj?callback=jQuery17016848795285674223_1419906860153&username=ylm&_=1419906871425
INFO: [ app_begin ] --START--
INFO: Run Behavior\ReadHtmlCacheBehavior [ RunTime:0.001001s ]
INFO: [ app_begin ] --END-- [ RunTime:0.002001s ]
NOTIC: [8192] mysql_connect(): The mysql extension is deprecated and will be removed in the future: use mysqli or PDO instead E:\bbs\ThinkPHP\Library\Think\Db\Driver\Mysql.class.php 第 52 行.
SQL: SHOW COLUMNS FROM `bbs_nav` [ RunTime:0.009000s ]
SQL: SELECT * FROM `bbs_nav` WHERE ( nav_category=0 and isset=1 ) ORDER BY orders  [ RunTime:0.001000s ]
SQL: SHOW COLUMNS FROM `bbs_admin_user` [ RunTime:0.007001s ]
SQL: SELECT * FROM `bbs_admin_user` WHERE ( username='ylm' )  [ RunTime:0.000000s ]
INFO: [ app_end ] --START--
INFO: Run Behavior\ShowPageTraceBehavior [ RunTime:0.001000s ]
INFO: [ app_end ] --END-- [ RunTime:0.001000s ]
SQL: SHOW COLUMNS FROM `bbs_pv` [ RunTime:0.004000s ]
SQL: SELECT * FROM `bbs_pv` WHERE `pv_time` = '2014-12-30'  [ RunTime:0.001000s ]
SQL: UPDATE `bbs_pv` SET `pv_count`=101 WHERE ( pid=24 ) [ RunTime:0.026002s ]

[ 2014-12-30T10:36:12+08:00 ] 127.0.0.1 /index.php/index/hqsj?callback=jQuery1709886298662131637_1419906967913&username=12&_=1419906972320
INFO: [ app_begin ] --START--
INFO: Run Behavior\ReadHtmlCacheBehavior [ RunTime:0.001000s ]
INFO: [ app_begin ] --END-- [ RunTime:0.002000s ]
NOTIC: [8192] mysql_connect(): The mysql extension is deprecated and will be removed in the future: use mysqli or PDO instead E:\bbs\ThinkPHP\Library\Think\Db\Driver\Mysql.class.php 第 52 行.
SQL: SHOW COLUMNS FROM `bbs_nav` [ RunTime:0.005000s ]
SQL: SELECT * FROM `bbs_nav` WHERE ( nav_category=0 and isset=1 ) ORDER BY orders  [ RunTime:0.001000s ]
SQL: SHOW COLUMNS FROM `bbs_admin_user` [ RunTime:0.005001s ]
SQL: SELECT * FROM `bbs_admin_user` WHERE ( username='12' )  [ RunTime:0.048002s ]
INFO: [ app_end ] --START--
INFO: Run Behavior\ShowPageTraceBehavior [ RunTime:0.001000s ]
INFO: [ app_end ] --END-- [ RunTime:0.001000s ]
SQL: SHOW COLUMNS FROM `bbs_pv` [ RunTime:0.005001s ]
SQL: SELECT * FROM `bbs_pv` WHERE `pv_time` = '2014-12-30'  [ RunTime:0.000000s ]
SQL: UPDATE `bbs_pv` SET `pv_count`=111 WHERE ( pid=24 ) [ RunTime:0.214012s ]

[ 2014-12-30T10:36:17+08:00 ] 127.0.0.1 /index.php/index/hqsj?callback=jQuery1709886298662131637_1419906967914&username=ylm&_=1419906976668
INFO: [ app_begin ] --START--
INFO: Run Behavior\ReadHtmlCacheBehavior [ RunTime:0.001000s ]
INFO: [ app_begin ] --END-- [ RunTime:0.002000s ]
NOTIC: [8192] mysql_connect(): The mysql extension is deprecated and will be removed in the future: use mysqli or PDO instead E:\bbs\ThinkPHP\Library\Think\Db\Driver\Mysql.class.php 第 52 行.
SQL: SHOW COLUMNS FROM `bbs_nav` [ RunTime:0.006000s ]
SQL: SELECT * FROM `bbs_nav` WHERE ( nav_category=0 and isset=1 ) ORDER BY orders  [ RunTime:0.001000s ]
SQL: SHOW COLUMNS FROM `bbs_admin_user` [ RunTime:0.004001s ]
SQL: SELECT * FROM `bbs_admin_user` WHERE ( username='ylm' )  [ RunTime:0.000000s ]
INFO: [ app_end ] --START--
INFO: Run Behavior\ShowPageTraceBehavior [ RunTime:0.001000s ]
INFO: [ app_end ] --END-- [ RunTime:0.001000s ]
SQL: SHOW COLUMNS FROM `bbs_pv` [ RunTime:0.005000s ]
SQL: SELECT * FROM `bbs_pv` WHERE `pv_time` = '2014-12-30'  [ RunTime:0.001000s ]
SQL: UPDATE `bbs_pv` SET `pv_count`=112 WHERE ( pid=24 ) [ RunTime:0.328019s ]

[ 2014-12-30T10:37:57+08:00 ] 127.0.0.1 /index.php/index/hqsj?callback=jQuery1707999550628882013_1419907073201&username=12&_=1419907076939
INFO: [ app_begin ] --START--
INFO: Run Behavior\ReadHtmlCacheBehavior [ RunTime:0.000000s ]
INFO: [ app_begin ] --END-- [ RunTime:0.001000s ]
NOTIC: [8192] mysql_connect(): The mysql extension is deprecated and will be removed in the future: use mysqli or PDO instead E:\bbs\ThinkPHP\Library\Think\Db\Driver\Mysql.class.php 第 52 行.
SQL: SHOW COLUMNS FROM `bbs_nav` [ RunTime:0.005000s ]
SQL: SELECT * FROM `bbs_nav` WHERE ( nav_category=0 and isset=1 ) ORDER BY orders  [ RunTime:0.000000s ]
SQL: SHOW COLUMNS FROM `bbs_admin_user` [ RunTime:0.004000s ]
SQL: SELECT * FROM `bbs_admin_user` WHERE ( username='12' )  [ RunTime:0.001000s ]
INFO: [ app_end ] --START--
INFO: Run Behavior\ShowPageTraceBehavior [ RunTime:0.001000s ]
INFO: [ app_end ] --END-- [ RunTime:0.001000s ]
SQL: SHOW COLUMNS FROM `bbs_pv` [ RunTime:0.005001s ]
SQL: SELECT * FROM `bbs_pv` WHERE `pv_time` = '2014-12-30'  [ RunTime:0.001000s ]
SQL: UPDATE `bbs_pv` SET `pv_count`=114 WHERE ( pid=24 ) [ RunTime:0.038002s ]

[ 2014-12-30T10:38:02+08:00 ] 127.0.0.1 /index.php/index/hqsj?callback=jQuery1707999550628882013_1419907073202&username=ylm&_=1419907081636
INFO: [ app_begin ] --START--
INFO: Run Behavior\ReadHtmlCacheBehavior [ RunTime:0.000000s ]
INFO: [ app_begin ] --END-- [ RunTime:0.000000s ]
NOTIC: [8192] mysql_connect(): The mysql extension is deprecated and will be removed in the future: use mysqli or PDO instead E:\bbs\ThinkPHP\Library\Think\Db\Driver\Mysql.class.php 第 52 行.
SQL: SHOW COLUMNS FROM `bbs_nav` [ RunTime:0.006000s ]
SQL: SELECT * FROM `bbs_nav` WHERE ( nav_category=0 and isset=1 ) ORDER BY orders  [ RunTime:0.000000s ]
SQL: SHOW COLUMNS FROM `bbs_admin_user` [ RunTime:0.004000s ]
SQL: SELECT * FROM `bbs_admin_user` WHERE ( username='ylm' )  [ RunTime:0.000000s ]
INFO: [ app_end ] --START--
INFO: Run Behavior\ShowPageTraceBehavior [ RunTime:0.001000s ]
INFO: [ app_end ] --END-- [ RunTime:0.001000s ]
SQL: SHOW COLUMNS FROM `bbs_pv` [ RunTime:0.006001s ]
SQL: SELECT * FROM `bbs_pv` WHERE `pv_time` = '2014-12-30'  [ RunTime:0.001000s ]
SQL: UPDATE `bbs_pv` SET `pv_count`=115 WHERE ( pid=24 ) [ RunTime:0.403023s ]

[ 2014-12-30T10:38:05+08:00 ] 127.0.0.1 /index.php/index/hqsj?callback=jQuery1707999550628882013_1419907073203&username=ylm&_=1419907085675
INFO: [ app_begin ] --START--
INFO: Run Behavior\ReadHtmlCacheBehavior [ RunTime:0.001000s ]
INFO: [ app_begin ] --END-- [ RunTime:0.001000s ]
NOTIC: [8192] mysql_connect(): The mysql extension is deprecated and will be removed in the future: use mysqli or PDO instead E:\bbs\ThinkPHP\Library\Think\Db\Driver\Mysql.class.php 第 52 行.
SQL: SHOW COLUMNS FROM `bbs_nav` [ RunTime:0.006000s ]
SQL: SELECT * FROM `bbs_nav` WHERE ( nav_category=0 and isset=1 ) ORDER BY orders  [ RunTime:0.001000s ]
SQL: SHOW COLUMNS FROM `bbs_admin_user` [ RunTime:0.005001s ]
SQL: SELECT * FROM `bbs_admin_user` WHERE ( username='ylm' )  [ RunTime:0.000000s ]
INFO: [ app_end ] --START--
INFO: Run Behavior\ShowPageTraceBehavior [ RunTime:0.000000s ]
INFO: [ app_end ] --END-- [ RunTime:0.001000s ]
SQL: SHOW COLUMNS FROM `bbs_pv` [ RunTime:0.005000s ]
SQL: SELECT * FROM `bbs_pv` WHERE `pv_time` = '2014-12-30'  [ RunTime:0.000000s ]
SQL: UPDATE `bbs_pv` SET `pv_count`=116 WHERE ( pid=24 ) [ RunTime:0.026002s ]

[ 2014-12-30T10:38:06+08:00 ] 127.0.0.1 /index.php/index/hqsj?callback=jQuery1707999550628882013_1419907073204&username=ylm&_=1419907086678
INFO: [ app_begin ] --START--
INFO: Run Behavior\ReadHtmlCacheBehavior [ RunTime:0.000000s ]
INFO: [ app_begin ] --END-- [ RunTime:0.001000s ]
NOTIC: [8192] mysql_connect(): The mysql extension is deprecated and will be removed in the future: use mysqli or PDO instead E:\bbs\ThinkPHP\Library\Think\Db\Driver\Mysql.class.php 第 52 行.
SQL: SHOW COLUMNS FROM `bbs_nav` [ RunTime:0.007001s ]
SQL: SELECT * FROM `bbs_nav` WHERE ( nav_category=0 and isset=1 ) ORDER BY orders  [ RunTime:0.001000s ]
SQL: SHOW COLUMNS FROM `bbs_admin_user` [ RunTime:0.010000s ]
SQL: SELECT * FROM `bbs_admin_user` WHERE ( username='ylm' )  [ RunTime:0.001000s ]
INFO: [ app_end ] --START--
INFO: Run Behavior\ShowPageTraceBehavior [ RunTime:0.001000s ]
INFO: [ app_end ] --END-- [ RunTime:0.001000s ]
SQL: SHOW COLUMNS FROM `bbs_pv` [ RunTime:0.007001s ]
SQL: SELECT * FROM `bbs_pv` WHERE `pv_time` = '2014-12-30'  [ RunTime:0.000000s ]
SQL: UPDATE `bbs_pv` SET `pv_count`=118 WHERE ( pid=24 ) [ RunTime:0.014001s ]

[ 2014-12-30T10:38:10+08:00 ] 127.0.0.1 /index.php/index/hqsj?callback=jQuery17006682600016732754_1419907086884&username=ylm&_=1419907090870
INFO: [ app_begin ] --START--
INFO: Run Behavior\ReadHtmlCacheBehavior [ RunTime:0.000000s ]
INFO: [ app_begin ] --END-- [ RunTime:0.001000s ]
NOTIC: [8192] mysql_connect(): The mysql extension is deprecated and will be removed in the future: use mysqli or PDO instead E:\bbs\ThinkPHP\Library\Think\Db\Driver\Mysql.class.php 第 52 行.
SQL: SHOW COLUMNS FROM `bbs_nav` [ RunTime:0.005000s ]
SQL: SELECT * FROM `bbs_nav` WHERE ( nav_category=0 and isset=1 ) ORDER BY orders  [ RunTime:0.001000s ]
SQL: SHOW COLUMNS FROM `bbs_admin_user` [ RunTime:0.005000s ]
SQL: SELECT * FROM `bbs_admin_user` WHERE ( username='ylm' )  [ RunTime:0.000000s ]
INFO: [ app_end ] --START--
INFO: Run Behavior\ShowPageTraceBehavior [ RunTime:0.000000s ]
INFO: [ app_end ] --END-- [ RunTime:0.000000s ]
SQL: SHOW COLUMNS FROM `bbs_pv` [ RunTime:0.023002s ]
SQL: SELECT * FROM `bbs_pv` WHERE `pv_time` = '2014-12-30'  [ RunTime:0.007000s ]
SQL: UPDATE `bbs_pv` SET `pv_count`=119 WHERE ( pid=24 ) [ RunTime:0.014001s ]

[ 2014-12-30T10:40:30+08:00 ] 127.0.0.1 /index.php/index/hqsj?callback=jQuery1706154640182800223_1419907226189&username=12&_=1419907230135
INFO: [ app_begin ] --START--
INFO: Run Behavior\ReadHtmlCacheBehavior [ RunTime:0.001000s ]
INFO: [ app_begin ] --END-- [ RunTime:0.001000s ]
NOTIC: [8192] mysql_connect(): The mysql extension is deprecated and will be removed in the future: use mysqli or PDO instead E:\bbs\ThinkPHP\Library\Think\Db\Driver\Mysql.class.php 第 52 行.
SQL: SHOW COLUMNS FROM `bbs_nav` [ RunTime:0.005000s ]
SQL: SELECT * FROM `bbs_nav` WHERE ( nav_category=0 and isset=1 ) ORDER BY orders  [ RunTime:0.000000s ]
SQL: SHOW COLUMNS FROM `bbs_admin_user` [ RunTime:0.005000s ]
SQL: SELECT * FROM `bbs_admin_user` WHERE ( username='12' )  [ RunTime:0.001001s ]
INFO: [ app_end ] --START--
INFO: Run Behavior\ShowPageTraceBehavior [ RunTime:0.001000s ]
INFO: [ app_end ] --END-- [ RunTime:0.001000s ]
SQL: SHOW COLUMNS FROM `bbs_pv` [ RunTime:0.004000s ]
SQL: SELECT * FROM `bbs_pv` WHERE `pv_time` = '2014-12-30'  [ RunTime:0.000000s ]
SQL: UPDATE `bbs_pv` SET `pv_count`=123 WHERE ( pid=24 ) [ RunTime:0.364021s ]

[ 2014-12-30T10:40:36+08:00 ] 127.0.0.1 /index.php/index/hqsj?callback=jQuery1706154640182800223_1419907226190&username=ylm&_=1419907236026
INFO: [ app_begin ] --START--
INFO: Run Behavior\ReadHtmlCacheBehavior [ RunTime:0.001000s ]
INFO: [ app_begin ] --END-- [ RunTime:0.002000s ]
NOTIC: [8192] mysql_connect(): The mysql extension is deprecated and will be removed in the future: use mysqli or PDO instead E:\bbs\ThinkPHP\Library\Think\Db\Driver\Mysql.class.php 第 52 行.
SQL: SHOW COLUMNS FROM `bbs_nav` [ RunTime:0.005000s ]
SQL: SELECT * FROM `bbs_nav` WHERE ( nav_category=0 and isset=1 ) ORDER BY orders  [ RunTime:0.001000s ]
SQL: SHOW COLUMNS FROM `bbs_admin_user` [ RunTime:0.005001s ]
SQL: SELECT * FROM `bbs_admin_user` WHERE ( username='ylm' )  [ RunTime:0.001000s ]
INFO: [ app_end ] --START--
INFO: Run Behavior\ShowPageTraceBehavior [ RunTime:0.001000s ]
INFO: [ app_end ] --END-- [ RunTime:0.001000s ]
SQL: SHOW COLUMNS FROM `bbs_pv` [ RunTime:0.004000s ]
SQL: SELECT * FROM `bbs_pv` WHERE `pv_time` = '2014-12-30'  [ RunTime:0.000000s ]
SQL: UPDATE `bbs_pv` SET `pv_count`=124 WHERE ( pid=24 ) [ RunTime:0.016001s ]

[ 2014-12-30T10:40:42+08:00 ] 127.0.0.1 /index.php/index/hqsj?callback=jQuery1708076486472847102_1419907238921&username=ylm&_=1419907242308
INFO: [ app_begin ] --START--
INFO: Run Behavior\ReadHtmlCacheBehavior [ RunTime:0.000000s ]
INFO: [ app_begin ] --END-- [ RunTime:0.001000s ]
NOTIC: [8192] mysql_connect(): The mysql extension is deprecated and will be removed in the future: use mysqli or PDO instead E:\bbs\ThinkPHP\Library\Think\Db\Driver\Mysql.class.php 第 52 行.
SQL: SHOW COLUMNS FROM `bbs_nav` [ RunTime:0.005000s ]
SQL: SELECT * FROM `bbs_nav` WHERE ( nav_category=0 and isset=1 ) ORDER BY orders  [ RunTime:0.000000s ]
SQL: SHOW COLUMNS FROM `bbs_admin_user` [ RunTime:0.004000s ]
SQL: SELECT * FROM `bbs_admin_user` WHERE ( username='ylm' )  [ RunTime:0.001000s ]
INFO: [ app_end ] --START--
INFO: Run Behavior\ShowPageTraceBehavior [ RunTime:0.001000s ]
INFO: [ app_end ] --END-- [ RunTime:0.001000s ]
SQL: SHOW COLUMNS FROM `bbs_pv` [ RunTime:0.005001s ]
SQL: SELECT * FROM `bbs_pv` WHERE `pv_time` = '2014-12-30'  [ RunTime:0.000000s ]
SQL: UPDATE `bbs_pv` SET `pv_count`=126 WHERE ( pid=24 ) [ RunTime:0.378021s ]

[ 2014-12-30T10:45:14+08:00 ] 192.168.1.120 /%E4%BC%A0%E6%99%BA%E6%92%AD%E5%AE%A2PHP%E5%AD%A6%E9%99%A2%E5%AE%98%E7%BD%91-%E5%8C%97%E4%BA%ACPHP%E5%9F%B9%E8%AE%AD_PHP%E7%BD%91%E7%AB%99%E5%BC%80%E5%8F%91%E5%9F%B9%E8%AE%AD_PHP%E7%A8%8B%E5%BA%8F%E5%91%98%E5%9F%B9%E8%AE%AD%E5%AD%A6%E6%A0%A1_files/api.htm
ERR: 无法加载控制器:传智播客PHP学院官网-北京PHP培训_PHP网站开发培训_PHP程序员培训学校_files

[ 2014-12-30T10:48:07+08:00 ] 127.0.0.1 /index.php/index/%E4%BC%A0%E6%99%BA%E6%92%AD%E5%AE%A2PHP%E5%AD%A6%E9%99%A2%E5%AE%98%E7%BD%91-%E5%8C%97%E4%BA%ACPHP%E5%9F%B9%E8%AE%AD_PHP%E7%BD%91%E7%AB%99%E5%BC%80%E5%8F%91%E5%9F%B9%E8%AE%AD_PHP%E7%A8%8B%E5%BA%8F%E5%91%98%E5%9F%B9%E8%AE%AD%E5%AD%A6%E6%A0%A1_files/api.htm
ERR: 非法操作:传智播客PHP学院官网-北京PHP培训_PHP网站开发培训_PHP程序员培训学校_files

[ 2014-12-30T12:02:07+08:00 ] 192.168.1.120 /%E4%BC%A0%E6%99%BA%E6%92%AD%E5%AE%A2PHP%E5%AD%A6%E9%99%A2%E5%AE%98%E7%BD%91-%E5%8C%97%E4%BA%ACPHP%E5%9F%B9%E8%AE%AD_PHP%E7%BD%91%E7%AB%99%E5%BC%80%E5%8F%91%E5%9F%B9%E8%AE%AD_PHP%E7%A8%8B%E5%BA%8F%E5%91%98%E5%9F%B9%E8%AE%AD%E5%AD%A6%E6%A0%A1_files/api.htm
ERR: 无法加载控制器:传智播客PHP学院官网-北京PHP培训_PHP网站开发培训_PHP程序员培训学校_files

[ 2014-12-30T12:03:50+08:00 ] 192.168.1.238 /discuz/upload/static/js/home_face.js?nE8
ERR: 无法加载控制器:Discuz

[ 2014-12-30T12:03:50+08:00 ] 192.168.1.238 /discuz/upload/static/js/home_face.js?nE8
ERR: 无法加载控制器:Discuz

[ 2014-12-30T12:04:24+08:00 ] 192.168.1.238 /discuz/upload/static/js/home_face.js?nE8
ERR: 无法加载控制器:Discuz

[ 2014-12-30T12:04:24+08:00 ] 192.168.1.238 /discuz/upload/static/js/home_face.js?nE8
ERR: 无法加载控制器:Discuz

[ 2014-12-30T12:04:33+08:00 ] 192.168.1.238 /discuz/upload/static/js/home_face.js?nE8
ERR: 无法加载控制器:Discuz

[ 2014-12-30T12:04:33+08:00 ] 192.168.1.238 /discuz/upload/static/js/home_face.js?nE8
ERR: 无法加载控制器:Discuz

[ 2014-12-30T12:04:36+08:00 ] 192.168.1.238 /discuz/upload/static/js/home_face.js?nE8
ERR: 无法加载控制器:Discuz

[ 2014-12-30T12:04:36+08:00 ] 192.168.1.238 /discuz/upload/static/js/home_face.js?nE8
ERR: 无法加载控制器:Discuz

[ 2014-12-30T12:04:40+08:00 ] 192.168.1.238 /discuz/upload/static/js/home_face.js?nE8
ERR: 无法加载控制器:Discuz

[ 2014-12-30T12:04:40+08:00 ] 192.168.1.238 /discuz/upload/static/js/home_face.js?nE8
ERR: 无法加载控制器:Discuz

[ 2014-12-30T12:06:12+08:00 ] 192.168.1.238 /discuz/upload/static/js/home_face.js?nE8
ERR: 无法加载控制器:Discuz

[ 2014-12-30T12:06:12+08:00 ] 192.168.1.238 /discuz/upload/static/js/home_face.js?nE8
ERR: 无法加载控制器:Discuz

[ 2014-12-30T12:06:55+08:00 ] 192.168.1.238 /discuz/upload/static/js/home_face.js?nE8
ERR: 无法加载控制器:Discuz

[ 2014-12-30T12:06:56+08:00 ] 192.168.1.238 /discuz/upload/static/js/home_face.js?nE8
ERR: 无法加载控制器:Discuz

[ 2014-12-30T12:08:31+08:00 ] 192.168.1.238 /discuz/upload/static/js/home_face.js?vM6
ERR: 无法加载控制器:Discuz

[ 2014-12-30T12:08:31+08:00 ] 192.168.1.238 /discuz/upload/static/js/home_face.js?vM6
ERR: 无法加载控制器:Discuz

[ 2014-12-30T12:59:22+08:00 ] 192.168.1.120 /%E4%BC%A0%E6%99%BA%E6%92%AD%E5%AE%A2PHP%E5%AD%A6%E9%99%A2%E5%AE%98%E7%BD%91-%E5%8C%97%E4%BA%ACPHP%E5%9F%B9%E8%AE%AD_PHP%E7%BD%91%E7%AB%99%E5%BC%80%E5%8F%91%E5%9F%B9%E8%AE%AD_PHP%E7%A8%8B%E5%BA%8F%E5%91%98%E5%9F%B9%E8%AE%AD%E5%AD%A6%E6%A0%A1_files/api.htm
ERR: 无法加载控制器:传智播客PHP学院官网-北京PHP培训_PHP网站开发培训_PHP程序员培训学校_files

[ 2014-12-30T15:30:19+08:00 ] 192.168.1.219 /%E4%BC%A0%E6%99%BA%E6%92%AD%E5%AE%A2PHP%E5%AD%A6%E9%99%A2%E5%AE%98%E7%BD%91-%E5%8C%97%E4%BA%ACPHP%E5%9F%B9%E8%AE%AD_PHP%E7%BD%91%E7%AB%99%E5%BC%80%E5%8F%91%E5%9F%B9%E8%AE%AD_PHP%E7%A8%8B%E5%BA%8F%E5%91%98%E5%9F%B9%E8%AE%AD%E5%AD%A6%E6%A0%A1_files/api.htm
ERR: 无法加载控制器:传智播客PHP学院官网-北京PHP培训_PHP网站开发培训_PHP程序员培训学校_files

[ 2014-12-30T15:44:54+08:00 ] 192.168.1.219 /discuz/upload/static/js/common_postimg.js?vM6
ERR: 无法加载控制器:Discuz

[ 2014-12-30T15:44:54+08:00 ] 192.168.1.219 /discuz/upload/static/js/common_postimg.js?vM6
ERR: 无法加载控制器:Discuz

[ 2014-12-30T15:48:42+08:00 ] 192.168.1.219 /discuz/upload/static/js/common_postimg.js?vM6
ERR: 无法加载控制器:Discuz

[ 2014-12-30T15:48:42+08:00 ] 192.168.1.219 /discuz/upload/static/js/common_postimg.js?vM6
ERR: 无法加载控制器:Discuz

[ 2014-12-30T16:32:51+08:00 ] 192.168.1.120 /%E4%BC%A0%E6%99%BA%E6%92%AD%E5%AE%A2PHP%E5%AD%A6%E9%99%A2%E5%AE%98%E7%BD%91-%E5%8C%97%E4%BA%ACPHP%E5%9F%B9%E8%AE%AD_PHP%E7%BD%91%E7%AB%99%E5%BC%80%E5%8F%91%E5%9F%B9%E8%AE%AD_PHP%E7%A8%8B%E5%BA%8F%E5%91%98%E5%9F%B9%E8%AE%AD%E5%AD%A6%E6%A0%A1_files/api.htm
ERR: 无法加载控制器:传智播客PHP学院官网-北京PHP培训_PHP网站开发培训_PHP程序员培训学校_files

[ 2014-12-30T17:18:43+08:00 ] 192.168.1.238 /discuz/upload/static/js/common_postimg.js?vM6
ERR: 无法加载控制器:Discuz

[ 2014-12-30T17:18:44+08:00 ] 192.168.1.238 /discuz/upload/static/js/common_postimg.js?vM6
ERR: 无法加载控制器:Discuz

[ 2014-12-30T18:41:01+08:00 ] 192.168.1.219 /%E4%BC%A0%E6%99%BA%E6%92%AD%E5%AE%A2PHP%E5%AD%A6%E9%99%A2%E5%AE%98%E7%BD%91-%E5%8C%97%E4%BA%ACPHP%E5%9F%B9%E8%AE%AD_PHP%E7%BD%91%E7%AB%99%E5%BC%80%E5%8F%91%E5%9F%B9%E8%AE%AD_PHP%E7%A8%8B%E5%BA%8F%E5%91%98%E5%9F%B9%E8%AE%AD%E5%AD%A6%E6%A0%A1_files/api.htm
ERR: 无法加载控制器:传智播客PHP学院官网-北京PHP培训_PHP网站开发培训_PHP程序员培训学校_files

[ 2014-12-30T19:05:37+08:00 ] 192.168.1.219 /discuz/upload/static/js/home_face.js?vM6
ERR: 无法加载控制器:Discuz

[ 2014-12-30T19:05:38+08:00 ] 192.168.1.219 /discuz/upload/static/js/home_face.js?vM6
ERR: 无法加载控制器:Discuz

[ 2014-12-30T19:05:38+08:00 ] 192.168.1.238 /discuz/upload/static/js/home_face.js?vM6
ERR: 无法加载控制器:Discuz

[ 2014-12-30T19:05:53+08:00 ] 192.168.1.238 /discuz/upload/static/js/home_face.js?vM6
ERR: 无法加载控制器:Discuz

[ 2014-12-30T19:05:53+08:00 ] 192.168.1.238 /discuz/upload/static/js/home_face.js?vM6
ERR: 无法加载控制器:Discuz

[ 2014-12-30T19:05:57+08:00 ] 192.168.1.238 /discuz/upload/static/js/home_face.js?vM6
ERR: 无法加载控制器:Discuz

[ 2014-12-30T19:05:58+08:00 ] 192.168.1.238 /discuz/upload/static/js/home_face.js?vM6
ERR: 无法加载控制器:Discuz

[ 2014-12-30T20:23:58+08:00 ] 192.168.1.238 /discuz/upload/static/js/home_face.js?vM6
ERR: 无法加载控制器:Discuz

[ 2014-12-30T20:23:58+08:00 ] 192.168.1.238 /discuz/upload/static/js/home_face.js?vM6
ERR: 无法加载控制器:Discuz

