<<<<<<< HEAD
[ 2014-12-20T07:54:15+08:00 ] 127.0.0.1 /
INFO: [ app_init ] --START--
INFO: Run Behavior\BuildLiteBehavior [ RunTime:0.000000s ]
INFO: [ app_init ] --END-- [ RunTime:0.001000s ]
INFO: [ app_begin ] --START--
INFO: Run Behavior\ReadHtmlCacheBehavior [ RunTime:0.000000s ]
INFO: [ app_begin ] --END-- [ RunTime:0.000000s ]
INFO: [ view_parse ] --START--
INFO: [ template_filter ] --START--
INFO: Run Behavior\ContentReplaceBehavior [ RunTime:0.000000s ]
INFO: [ template_filter ] --END-- [ RunTime:0.000000s ]
INFO: Run Behavior\ParseTemplateBehavior [ RunTime:0.032001s ]
INFO: [ view_parse ] --END-- [ RunTime:0.032001s ]
INFO: [ view_filter ] --START--
INFO: Run Behavior\WriteHtmlCacheBehavior [ RunTime:0.000000s ]
INFO: [ view_filter ] --END-- [ RunTime:0.000000s ]
INFO: [ app_end ] --START--
INFO: Run Behavior\ShowPageTraceBehavior [ RunTime:0.001001s ]
INFO: [ app_end ] --END-- [ RunTime:0.001001s ]

[ 2014-12-20T07:54:47+08:00 ] 127.0.0.1 /
INFO: [ app_init ] --START--
INFO: Run Behavior\BuildLiteBehavior [ RunTime:0.000000s ]
INFO: [ app_init ] --END-- [ RunTime:0.000000s ]
INFO: [ app_begin ] --START--
INFO: Run Behavior\ReadHtmlCacheBehavior [ RunTime:0.001000s ]
INFO: [ app_begin ] --END-- [ RunTime:0.001000s ]
INFO: [ view_parse ] --START--
INFO: [ template_filter ] --START--
INFO: Run Behavior\ContentReplaceBehavior [ RunTime:0.001000s ]
INFO: [ template_filter ] --END-- [ RunTime:0.001000s ]
INFO: Run Behavior\ParseTemplateBehavior [ RunTime:0.033001s ]
INFO: [ view_parse ] --END-- [ RunTime:0.033001s ]
INFO: [ view_filter ] --START--
INFO: Run Behavior\WriteHtmlCacheBehavior [ RunTime:0.000000s ]
INFO: [ view_filter ] --END-- [ RunTime:0.000000s ]
INFO: [ app_end ] --START--
INFO: Run Behavior\ShowPageTraceBehavior [ RunTime:0.001001s ]
INFO: [ app_end ] --END-- [ RunTime:0.001001s ]

[ 2014-12-20T08:01:15+08:00 ] 127.0.0.1 /
INFO: [ app_init ] --START--
INFO: Run Behavior\BuildLiteBehavior [ RunTime:0.000000s ]
INFO: [ app_init ] --END-- [ RunTime:0.000000s ]
INFO: [ app_begin ] --START--
INFO: Run Behavior\ReadHtmlCacheBehavior [ RunTime:0.001000s ]
INFO: [ app_begin ] --END-- [ RunTime:0.001000s ]
INFO: [ view_parse ] --START--
INFO: [ template_filter ] --START--
INFO: Run Behavior\ContentReplaceBehavior [ RunTime:0.001000s ]
INFO: [ template_filter ] --END-- [ RunTime:0.001000s ]
INFO: Run Behavior\ParseTemplateBehavior [ RunTime:0.030001s ]
INFO: [ view_parse ] --END-- [ RunTime:0.030001s ]
INFO: [ view_filter ] --START--
INFO: Run Behavior\WriteHtmlCacheBehavior [ RunTime:0.001000s ]
INFO: [ view_filter ] --END-- [ RunTime:0.001000s ]
INFO: [ app_end ] --START--
INFO: Run Behavior\ShowPageTraceBehavior [ RunTime:0.001000s ]
INFO: [ app_end ] --END-- [ RunTime:0.001000s ]

[ 2014-12-20T08:03:59+08:00 ] 127.0.0.1 /index.php/Home/nav/nav_add.html
INFO: [ app_init ] --START--
INFO: Run Behavior\BuildLiteBehavior [ RunTime:0.000000s ]
INFO: [ app_init ] --END-- [ RunTime:0.000000s ]
INFO: [ app_begin ] --START--
INFO: Run Behavior\ReadHtmlCacheBehavior [ RunTime:0.000000s ]
INFO: [ app_begin ] --END-- [ RunTime:0.000000s ]
ERR: 无法加载控制器:Nav

[ 2014-12-20T08:04:02+08:00 ] 127.0.0.1 /index.php/Home/nav/nav_list.html
INFO: [ app_init ] --START--
INFO: Run Behavior\BuildLiteBehavior [ RunTime:0.000000s ]
INFO: [ app_init ] --END-- [ RunTime:0.001000s ]
INFO: [ app_begin ] --START--
INFO: Run Behavior\ReadHtmlCacheBehavior [ RunTime:0.001000s ]
INFO: [ app_begin ] --END-- [ RunTime:0.001000s ]
ERR: 无法加载控制器:Nav

[ 2014-12-20T08:04:03+08:00 ] 127.0.0.1 /index.php/Home/nav/nav_add.html
INFO: [ app_init ] --START--
INFO: Run Behavior\BuildLiteBehavior [ RunTime:0.000000s ]
INFO: [ app_init ] --END-- [ RunTime:0.001000s ]
INFO: [ app_begin ] --START--
INFO: Run Behavior\ReadHtmlCacheBehavior [ RunTime:0.000000s ]
INFO: [ app_begin ] --END-- [ RunTime:0.001000s ]
ERR: 无法加载控制器:Nav

[ 2014-12-20T08:04:04+08:00 ] 127.0.0.1 /index.php/Home/nav/nav_list.html
INFO: [ app_init ] --START--
INFO: Run Behavior\BuildLiteBehavior [ RunTime:0.000000s ]
INFO: [ app_init ] --END-- [ RunTime:0.000000s ]
INFO: [ app_begin ] --START--
INFO: Run Behavior\ReadHtmlCacheBehavior [ RunTime:0.000000s ]
INFO: [ app_begin ] --END-- [ RunTime:0.000000s ]
ERR: 无法加载控制器:Nav

[ 2014-12-20T08:10:09+08:00 ] 127.0.0.1 /index.php/Home/nav/nav_add.html
INFO: [ app_init ] --START--
INFO: Run Behavior\BuildLiteBehavior [ RunTime:0.000000s ]
INFO: [ app_init ] --END-- [ RunTime:0.001000s ]
INFO: [ app_begin ] --START--
INFO: Run Behavior\ReadHtmlCacheBehavior [ RunTime:0.001000s ]
INFO: [ app_begin ] --END-- [ RunTime:0.001000s ]
ERR: 无法加载控制器:Nav

[ 2014-12-20T08:10:10+08:00 ] 127.0.0.1 /index.php/Home/nav/nav_list.html
INFO: [ app_init ] --START--
INFO: Run Behavior\BuildLiteBehavior [ RunTime:0.000000s ]
INFO: [ app_init ] --END-- [ RunTime:0.001000s ]
INFO: [ app_begin ] --START--
INFO: Run Behavior\ReadHtmlCacheBehavior [ RunTime:0.000000s ]
INFO: [ app_begin ] --END-- [ RunTime:0.000000s ]
ERR: 无法加载控制器:Nav

[ 2014-12-20T08:10:11+08:00 ] 127.0.0.1 /index.php/Home/nav/nav_add.html
INFO: [ app_init ] --START--
INFO: Run Behavior\BuildLiteBehavior [ RunTime:0.000000s ]
INFO: [ app_init ] --END-- [ RunTime:0.000000s ]
INFO: [ app_begin ] --START--
INFO: Run Behavior\ReadHtmlCacheBehavior [ RunTime:0.000000s ]
INFO: [ app_begin ] --END-- [ RunTime:0.000000s ]
ERR: 无法加载控制器:Nav

[ 2014-12-20T08:10:12+08:00 ] 127.0.0.1 /index.php/Home/nav/nav_list.html
INFO: [ app_init ] --START--
INFO: Run Behavior\BuildLiteBehavior [ RunTime:0.000000s ]
INFO: [ app_init ] --END-- [ RunTime:0.000000s ]
INFO: [ app_begin ] --START--
INFO: Run Behavior\ReadHtmlCacheBehavior [ RunTime:0.001000s ]
INFO: [ app_begin ] --END-- [ RunTime:0.001000s ]
ERR: 无法加载控制器:Nav

[ 2014-12-20T08:10:42+08:00 ] 127.0.0.1 /index.php/Home/index/add_category_show.html
INFO: [ app_init ] --START--
INFO: Run Behavior\BuildLiteBehavior [ RunTime:0.000000s ]
INFO: [ app_init ] --END-- [ RunTime:0.001000s ]
INFO: [ app_begin ] --START--
INFO: Run Behavior\ReadHtmlCacheBehavior [ RunTime:0.001000s ]
INFO: [ app_begin ] --END-- [ RunTime:0.001000s ]
ERR: 非法操作:add_category_show

[ 2014-12-20T08:10:43+08:00 ] 127.0.0.1 /index.php/Home/index/category_list.html
INFO: [ app_init ] --START--
INFO: Run Behavior\BuildLiteBehavior [ RunTime:0.000000s ]
INFO: [ app_init ] --END-- [ RunTime:0.000000s ]
INFO: [ app_begin ] --START--
INFO: Run Behavior\ReadHtmlCacheBehavior [ RunTime:0.001000s ]
INFO: [ app_begin ] --END-- [ RunTime:0.001000s ]
ERR: 非法操作:category_list

[ 2014-12-20T08:10:45+08:00 ] 127.0.0.1 /index.php/Home/index/article_show.html
INFO: [ app_init ] --START--
INFO: Run Behavior\BuildLiteBehavior [ RunTime:0.000000s ]
INFO: [ app_init ] --END-- [ RunTime:0.000000s ]
INFO: [ app_begin ] --START--
INFO: Run Behavior\ReadHtmlCacheBehavior [ RunTime:0.001000s ]
INFO: [ app_begin ] --END-- [ RunTime:0.001000s ]
ERR: 非法操作:article_show

[ 2014-12-20T08:10:47+08:00 ] 127.0.0.1 /index.php/Home/index/article_list.html
INFO: [ app_init ] --START--
INFO: Run Behavior\BuildLiteBehavior [ RunTime:0.000000s ]
INFO: [ app_init ] --END-- [ RunTime:0.000000s ]
INFO: [ app_begin ] --START--
INFO: Run Behavior\ReadHtmlCacheBehavior [ RunTime:0.001000s ]
INFO: [ app_begin ] --END-- [ RunTime:0.001000s ]
ERR: 非法操作:article_list

[ 2014-12-20T08:10:54+08:00 ] 127.0.0.1 /index.php/Home/position/add_position.html
INFO: [ app_init ] --START--
INFO: Run Behavior\BuildLiteBehavior [ RunTime:0.000000s ]
INFO: [ app_init ] --END-- [ RunTime:0.001000s ]
INFO: [ app_begin ] --START--
INFO: Run Behavior\ReadHtmlCacheBehavior [ RunTime:0.000000s ]
INFO: [ app_begin ] --END-- [ RunTime:0.000000s ]
ERR: 无法加载控制器:Position

[ 2014-12-20T08:10:54+08:00 ] 127.0.0.1 /index.php/Home/position/position_list.html
INFO: [ app_init ] --START--
INFO: Run Behavior\BuildLiteBehavior [ RunTime:0.000000s ]
INFO: [ app_init ] --END-- [ RunTime:0.000000s ]
INFO: [ app_begin ] --START--
INFO: Run Behavior\ReadHtmlCacheBehavior [ RunTime:0.001000s ]
INFO: [ app_begin ] --END-- [ RunTime:0.001000s ]
ERR: 无法加载控制器:Position

[ 2014-12-20T08:13:51+08:00 ] 127.0.0.1 /index.php/Home/nav/nav_add.html
ERR: 无法加载控制器:Nav

[ 2014-12-20T08:15:24+08:00 ] 127.0.0.1 /index.php/Home/nav/nav_add.html
ERR: 无法加载控制器:Nav

[ 2014-12-20T08:15:26+08:00 ] 127.0.0.1 /index.php/Home/nav/nav_list.html
ERR: 无法加载控制器:Nav

[ 2014-12-20T08:15:47+08:00 ] 127.0.0.1 /index.php/Home/nav/nav_add.html
ERR: 无法加载控制器:Nav

[ 2014-12-20T08:16:44+08:00 ] 127.0.0.1 /index.php/Home/nav/nav_add.html
ERR: 无法加载控制器:Nav

[ 2014-12-20T08:16:56+08:00 ] 127.0.0.1 /index.php/Home/nav/nav_add.html
ERR: 无法加载控制器:Nav

[ 2014-12-20T08:16:57+08:00 ] 127.0.0.1 /index.php/Home/nav/nav_list.html
ERR: 无法加载控制器:Nav

[ 2014-12-20T09:54:49+08:00 ] 127.0.0.1 /index.php/Home/nav/nav_add.html
ERR: 无法加载控制器:Nav

[ 2014-12-20T09:55:39+08:00 ] 127.0.0.1 /index.php/Home/nav/nav_add.html
ERR: 无法加载控制器:Nav

[ 2014-12-20T10:19:42+08:00 ] 127.0.0.1 /index.php/Home/nav/nav_add.html
ERR: 无法加载控制器:Nav

[ 2014-12-20T10:29:59+08:00 ] 127.0.0.1 /index.php/Home/nav/nav_add.html
ERR: 无法加载控制器:Nav

[ 2014-12-20T10:30:00+08:00 ] 127.0.0.1 /index.php/Home/nav/nav_list.html
ERR: 无法加载控制器:Nav

[ 2014-12-20T10:30:01+08:00 ] 127.0.0.1 /index.php/Home/nav/nav_add.html
ERR: 无法加载控制器:Nav

[ 2014-12-20T10:32:53+08:00 ] 127.0.0.1 /index.php/Home/nav/nav_add.html
ERR: 无法加载控制器:Nav

[ 2014-12-20T10:32:54+08:00 ] 127.0.0.1 /index.php/Home/nav/nav_list.html
ERR: 无法加载控制器:Nav

[ 2014-12-20T10:32:55+08:00 ] 127.0.0.1 /index.php/Home/nav/nav_add.html
ERR: 无法加载控制器:Nav

[ 2014-12-20T10:32:55+08:00 ] 127.0.0.1 /index.php/Home/nav/nav_list.html
ERR: 无法加载控制器:Nav

[ 2014-12-20T10:32:56+08:00 ] 127.0.0.1 /index.php/Home/nav/nav_add.html
ERR: 无法加载控制器:Nav

[ 2014-12-20T10:32:56+08:00 ] 127.0.0.1 /index.php/Home/nav/nav_list.html
ERR: 无法加载控制器:Nav

[ 2014-12-20T10:32:58+08:00 ] 127.0.0.1 /index.php/Home/nav/nav_add.html
ERR: 无法加载控制器:Nav

[ 2014-12-20T10:32:59+08:00 ] 127.0.0.1 /index.php/Home/nav/nav_list.html
ERR: 无法加载控制器:Nav

[ 2014-12-20T10:33:36+08:00 ] 127.0.0.1 /index.php/Home/nav/nav_add.html
ERR: 无法加载控制器:Nav

[ 2014-12-20T10:33:39+08:00 ] 127.0.0.1 /index.php/Home/nav/nav_list.html
ERR: 无法加载控制器:Nav

[ 2014-12-20T10:35:04+08:00 ] 127.0.0.1 /index.php/Home/nav/nav_add.html
ERR: 无法加载控制器:Nav

[ 2014-12-20T10:35:05+08:00 ] 127.0.0.1 /index.php/Home/nav/nav_list.html
ERR: 无法加载控制器:Nav

[ 2014-12-20T10:35:07+08:00 ] 127.0.0.1 /index.php/Home/nav/nav_add.html
ERR: 无法加载控制器:Nav

[ 2014-12-20T10:35:07+08:00 ] 127.0.0.1 /index.php/Home/nav/nav_list.html
ERR: 无法加载控制器:Nav

[ 2014-12-20T10:35:08+08:00 ] 127.0.0.1 /index.php/Home/nav/nav_add.html
ERR: 无法加载控制器:Nav

[ 2014-12-20T10:35:08+08:00 ] 127.0.0.1 /index.php/Home/nav/nav_list.html
ERR: 无法加载控制器:Nav

[ 2014-12-20T10:36:11+08:00 ] 127.0.0.1 /index.php/Home/nav/nav_list.html
ERR: 无法加载控制器:Nav

[ 2014-12-20T11:31:48+08:00 ] 127.0.0.1 /index.php/Home/index/admin_login_pro.html
ERR: 非法操作:admin_login_pro

[ 2014-12-20T11:31:55+08:00 ] 127.0.0.1 /index.php/Home/index/admin_login_pro.html
ERR: 非法操作:admin_login_pro

[ 2014-12-20T11:31:57+08:00 ] 127.0.0.1 /index.php/Home/index/admin_login_pro.html
ERR: 非法操作:admin_login_pro

[ 2014-12-20T11:32:07+08:00 ] 127.0.0.1 /index.php/Home/index/login
ERR: 非法操作:login

[ 2014-12-20T11:32:10+08:00 ] 127.0.0.1 /index.php/Home/index/login
ERR: 非法操作:login

=======
[ 2014-12-20T07:48:21+08:00 ] 127.0.0.1 /bbs/index.php
INFO: [ app_init ] --START--
INFO: Run Behavior\BuildLiteBehavior [ RunTime:0.000000s ]
INFO: [ app_init ] --END-- [ RunTime:0.001000s ]
INFO: [ app_begin ] --START--
INFO: Run Behavior\ReadHtmlCacheBehavior [ RunTime:0.001000s ]
INFO: [ app_begin ] --END-- [ RunTime:0.001000s ]
INFO: [ view_parse ] --START--
INFO: [ template_filter ] --START--
INFO: Run Behavior\ContentReplaceBehavior [ RunTime:0.002000s ]
INFO: [ template_filter ] --END-- [ RunTime:0.002000s ]
INFO: Run Behavior\ParseTemplateBehavior [ RunTime:0.224012s ]
INFO: [ view_parse ] --END-- [ RunTime:0.224012s ]
INFO: [ view_filter ] --START--
INFO: Run Behavior\WriteHtmlCacheBehavior [ RunTime:0.001000s ]
INFO: [ view_filter ] --END-- [ RunTime:0.001000s ]
INFO: [ app_end ] --START--
INFO: Run Behavior\ShowPageTraceBehavior [ RunTime:0.001000s ]
INFO: [ app_end ] --END-- [ RunTime:0.001000s ]

[ 2014-12-20T10:27:48+08:00 ] 127.0.0.1 /bbs/index.php/Home/nav/nav_add.html
ERR: 无法加载控制器:Nav

[ 2014-12-20T10:27:49+08:00 ] 127.0.0.1 /bbs/index.php/Home/nav/nav_list.html
ERR: 无法加载控制器:Nav

[ 2014-12-20T10:27:51+08:00 ] 127.0.0.1 /bbs/index.php/Home/nav/nav_add.html
ERR: 无法加载控制器:Nav

[ 2014-12-20T10:27:51+08:00 ] 127.0.0.1 /bbs/index.php/Home/nav/nav_list.html
ERR: 无法加载控制器:Nav

[ 2014-12-20T10:27:52+08:00 ] 127.0.0.1 /bbs/index.php/Home/nav/nav_add.html
ERR: 无法加载控制器:Nav

[ 2014-12-20T10:27:53+08:00 ] 127.0.0.1 /bbs/index.php/Home/nav/nav_list.html
ERR: 无法加载控制器:Nav

[ 2014-12-20T10:27:53+08:00 ] 127.0.0.1 /bbs/index.php/Home/nav/nav_add.html
ERR: 无法加载控制器:Nav

[ 2014-12-20T10:27:54+08:00 ] 127.0.0.1 /bbs/index.php/Home/nav/nav_list.html
ERR: 无法加载控制器:Nav

[ 2014-12-20T10:27:54+08:00 ] 127.0.0.1 /bbs/index.php/Home/nav/nav_list.html
ERR: 无法加载控制器:Nav

[ 2014-12-20T10:27:55+08:00 ] 127.0.0.1 /bbs/index.php/Home/nav/nav_add.html
ERR: 无法加载控制器:Nav

[ 2014-12-20T10:27:55+08:00 ] 127.0.0.1 /bbs/index.php/Home/nav/nav_list.html
ERR: 无法加载控制器:Nav

[ 2014-12-20T10:27:56+08:00 ] 127.0.0.1 /bbs/index.php/Home/nav/nav_add.html
ERR: 无法加载控制器:Nav

[ 2014-12-20T10:27:56+08:00 ] 127.0.0.1 /bbs/index.php/Home/nav/nav_list.html
ERR: 无法加载控制器:Nav

[ 2014-12-20T10:27:57+08:00 ] 127.0.0.1 /bbs/index.php/Home/nav/nav_add.html
ERR: 无法加载控制器:Nav

[ 2014-12-20T10:27:57+08:00 ] 127.0.0.1 /bbs/index.php/Home/nav/nav_list.html
ERR: 无法加载控制器:Nav

[ 2014-12-20T10:27:58+08:00 ] 127.0.0.1 /bbs/index.php/Home/nav/nav_add.html
ERR: 无法加载控制器:Nav

[ 2014-12-20T10:40:21+08:00 ] 127.0.0.1 /bbs/index.php/Home/nav/nav_add.html
ERR: 无法加载控制器:Nav

>>>>>>> 8bdfd48a26c3a16b90a1ad1d0a703c1b78738f96
