[ 2014-12-17T10:07:48+08:00 ] ::1 /bbs/admin.php/Home/index/article_show.html
ERR: 非法操作:article_show

[ 2014-12-17T10:07:49+08:00 ] ::1 /bbs/admin.php/Home/shizi/shizi_list.html
ERR: 无法加载控制器:Shizi

[ 2014-12-17T10:08:39+08:00 ] ::1 /bbs/admin.php/Home/Index/yzm
ERR: 非法操作:yzm

[ 2014-12-17T10:08:54+08:00 ] ::1 /bbs/admin.php/Home/Index/yzm
ERR: 非法操作:yzm

[ 2014-12-17T10:09:16+08:00 ] ::1 /bbs/admin.php/Home/Index/yzm
ERR: 非法操作:yzm

[ 2014-12-17T11:18:58+08:00 ] ::1 /bbs/admin.php/Home/Index/yzm
ERR: 非法操作:yzm

[ 2014-12-17T11:21:05+08:00 ] ::1 /bbs/admin.php/Home/Index/yzm
ERR: 非法操作:yzm

[ 2014-12-17T11:25:10+08:00 ] ::1 /bbs/admin.php/Home/Index/yzm
ERR: 非法操作:yzm

[ 2014-12-17T13:38:44+08:00 ] ::1 /bbs/admin.php/Home/Index/yzm
ERR: 非法操作:yzm

[ 2014-12-17T13:43:45+08:00 ] ::1 /bbs/admin.php/Home/Index/yzm
ERR: 非法操作:yzm

[ 2014-12-17T13:44:05+08:00 ] ::1 /bbs/admin.php/Home/Index/yzm
ERR: 非法操作:yzm

[ 2014-12-17T13:44:19+08:00 ] ::1 /bbs/admin.php/Home/Index/yzm
ERR: 非法操作:yzm

[ 2014-12-17T14:13:33+08:00 ] ::1 /bbs/admin.php/Home/index/zhuece
ERR: 非法操作:zhuece

[ 2014-12-17T15:36:34+08:00 ] ::1 /bbs/admin.php/Home/index/category_list.html
ERR: 非法操作:category_list

[ 2014-12-17T15:37:41+08:00 ] ::1 /bbs/admin.php/Home/index/loginout.html
ERR: 非法操作:loginout

[ 2014-12-17T15:37:46+08:00 ] ::1 /bbs/admin.php/Home/index/category_list.html
ERR: 非法操作:category_list

[ 2014-12-17T15:37:53+08:00 ] ::1 /bbs/admin.php/Home/index/article_list.html
ERR: 非法操作:article_list

