<<<<<<< HEAD
[ 2014-12-25T08:43:55+08:00 ] 127.0.0.1 /index.php/Admin/Shizi/is_show.html
INFO: [ app_begin ] --START--
INFO: Run Behavior\ReadHtmlCacheBehavior [ RunTime:0.001000s ]
INFO: [ app_begin ] --END-- [ RunTime:0.001000s ]
NOTIC: [8192] mysql_connect(): The mysql extension is deprecated and will be removed in the future: use mysqli or PDO instead E:\bbs\ThinkPHP\Library\Think\Db\Driver\Mysql.class.php 第 52 行.
SQL: SHOW COLUMNS FROM `bbs_shizi` [ RunTime:0.008001s ]

[ 2014-12-25T08:43:56+08:00 ] 127.0.0.1 /index.php/Admin/Shizi/is_show.html
INFO: [ app_begin ] --START--
INFO: Run Behavior\ReadHtmlCacheBehavior [ RunTime:0.001000s ]
INFO: [ app_begin ] --END-- [ RunTime:0.001000s ]
NOTIC: [8192] mysql_connect(): The mysql extension is deprecated and will be removed in the future: use mysqli or PDO instead E:\bbs\ThinkPHP\Library\Think\Db\Driver\Mysql.class.php 第 52 行.
SQL: SHOW COLUMNS FROM `bbs_shizi` [ RunTime:0.006000s ]

[ 2014-12-25T08:43:58+08:00 ] 127.0.0.1 /index.php/Admin/Shizi/is_show.html
INFO: [ app_begin ] --START--
INFO: Run Behavior\ReadHtmlCacheBehavior [ RunTime:0.001000s ]
INFO: [ app_begin ] --END-- [ RunTime:0.001000s ]
NOTIC: [8192] mysql_connect(): The mysql extension is deprecated and will be removed in the future: use mysqli or PDO instead E:\bbs\ThinkPHP\Library\Think\Db\Driver\Mysql.class.php 第 52 行.
SQL: SHOW COLUMNS FROM `bbs_shizi` [ RunTime:0.007000s ]

[ 2014-12-25T08:43:59+08:00 ] 127.0.0.1 /index.php/Admin/Shizi/is_show.html
INFO: [ app_begin ] --START--
INFO: Run Behavior\ReadHtmlCacheBehavior [ RunTime:0.001000s ]
INFO: [ app_begin ] --END-- [ RunTime:0.001000s ]
NOTIC: [8192] mysql_connect(): The mysql extension is deprecated and will be removed in the future: use mysqli or PDO instead E:\bbs\ThinkPHP\Library\Think\Db\Driver\Mysql.class.php 第 52 行.
SQL: SHOW COLUMNS FROM `bbs_shizi` [ RunTime:0.007001s ]

[ 2014-12-25T08:44:47+08:00 ] 127.0.0.1 /index.php/Admin/Shizi/is_show.html
INFO: [ app_begin ] --START--
INFO: Run Behavior\ReadHtmlCacheBehavior [ RunTime:0.001000s ]
INFO: [ app_begin ] --END-- [ RunTime:0.001000s ]
NOTIC: [8192] mysql_connect(): The mysql extension is deprecated and will be removed in the future: use mysqli or PDO instead E:\bbs\ThinkPHP\Library\Think\Db\Driver\Mysql.class.php 第 52 行.
SQL: SHOW COLUMNS FROM `bbs_shizi` [ RunTime:0.006000s ]

[ 2014-12-25T08:45:28+08:00 ] 127.0.0.1 /index.php/Admin/Shizi/is_show.html
INFO: [ app_begin ] --START--
INFO: Run Behavior\ReadHtmlCacheBehavior [ RunTime:0.001000s ]
INFO: [ app_begin ] --END-- [ RunTime:0.001000s ]
NOTIC: [8192] mysql_connect(): The mysql extension is deprecated and will be removed in the future: use mysqli or PDO instead E:\bbs\ThinkPHP\Library\Think\Db\Driver\Mysql.class.php 第 52 行.
SQL: SHOW COLUMNS FROM `bbs_shizi` [ RunTime:0.007001s ]

[ 2014-12-25T08:45:33+08:00 ] 127.0.0.1 /index.php/Admin/Shizi/is_show.html
INFO: [ app_begin ] --START--
INFO: Run Behavior\ReadHtmlCacheBehavior [ RunTime:0.000000s ]
INFO: [ app_begin ] --END-- [ RunTime:0.000000s ]
NOTIC: [8192] mysql_connect(): The mysql extension is deprecated and will be removed in the future: use mysqli or PDO instead E:\bbs\ThinkPHP\Library\Think\Db\Driver\Mysql.class.php 第 52 行.
SQL: SHOW COLUMNS FROM `bbs_shizi` [ RunTime:0.009001s ]

[ 2014-12-25T08:46:43+08:00 ] 127.0.0.1 /index.php/Admin/Shizi/is_show.html
INFO: [ app_begin ] --START--
INFO: Run Behavior\ReadHtmlCacheBehavior [ RunTime:0.000000s ]
INFO: [ app_begin ] --END-- [ RunTime:0.001000s ]
NOTIC: [8192] mysql_connect(): The mysql extension is deprecated and will be removed in the future: use mysqli or PDO instead E:\bbs\ThinkPHP\Library\Think\Db\Driver\Mysql.class.php 第 52 行.
SQL: SHOW COLUMNS FROM `bbs_shizi` [ RunTime:0.007000s ]

[ 2014-12-25T08:46:44+08:00 ] 127.0.0.1 /index.php/Admin/Shizi/is_show.html
INFO: [ app_begin ] --START--
INFO: Run Behavior\ReadHtmlCacheBehavior [ RunTime:0.000000s ]
INFO: [ app_begin ] --END-- [ RunTime:0.001000s ]
NOTIC: [8192] mysql_connect(): The mysql extension is deprecated and will be removed in the future: use mysqli or PDO instead E:\bbs\ThinkPHP\Library\Think\Db\Driver\Mysql.class.php 第 52 行.
SQL: SHOW COLUMNS FROM `bbs_shizi` [ RunTime:0.007001s ]

[ 2014-12-25T08:46:45+08:00 ] 127.0.0.1 /index.php/Admin/Shizi/is_show.html
INFO: [ app_begin ] --START--
INFO: Run Behavior\ReadHtmlCacheBehavior [ RunTime:0.001000s ]
INFO: [ app_begin ] --END-- [ RunTime:0.001000s ]
NOTIC: [8192] mysql_connect(): The mysql extension is deprecated and will be removed in the future: use mysqli or PDO instead E:\bbs\ThinkPHP\Library\Think\Db\Driver\Mysql.class.php 第 52 行.
SQL: SHOW COLUMNS FROM `bbs_shizi` [ RunTime:0.012001s ]

[ 2014-12-25T08:46:45+08:00 ] 127.0.0.1 /index.php/Admin/Shizi/is_show.html
INFO: [ app_begin ] --START--
INFO: Run Behavior\ReadHtmlCacheBehavior [ RunTime:0.000000s ]
INFO: [ app_begin ] --END-- [ RunTime:0.000000s ]
NOTIC: [8192] mysql_connect(): The mysql extension is deprecated and will be removed in the future: use mysqli or PDO instead E:\bbs\ThinkPHP\Library\Think\Db\Driver\Mysql.class.php 第 52 行.
SQL: SHOW COLUMNS FROM `bbs_shizi` [ RunTime:0.006001s ]

[ 2014-12-25T08:46:46+08:00 ] 127.0.0.1 /index.php/Admin/Shizi/is_show.html
INFO: [ app_begin ] --START--
INFO: Run Behavior\ReadHtmlCacheBehavior [ RunTime:0.000000s ]
INFO: [ app_begin ] --END-- [ RunTime:0.000000s ]
NOTIC: [8192] mysql_connect(): The mysql extension is deprecated and will be removed in the future: use mysqli or PDO instead E:\bbs\ThinkPHP\Library\Think\Db\Driver\Mysql.class.php 第 52 行.
SQL: SHOW COLUMNS FROM `bbs_shizi` [ RunTime:0.007001s ]

[ 2014-12-25T08:46:46+08:00 ] 127.0.0.1 /index.php/Admin/Shizi/is_show.html
INFO: [ app_begin ] --START--
INFO: Run Behavior\ReadHtmlCacheBehavior [ RunTime:0.000000s ]
INFO: [ app_begin ] --END-- [ RunTime:0.001001s ]
NOTIC: [8192] mysql_connect(): The mysql extension is deprecated and will be removed in the future: use mysqli or PDO instead E:\bbs\ThinkPHP\Library\Think\Db\Driver\Mysql.class.php 第 52 行.
SQL: SHOW COLUMNS FROM `bbs_shizi` [ RunTime:0.011001s ]

[ 2014-12-25T08:46:46+08:00 ] 127.0.0.1 /index.php/Admin/Shizi/is_show.html
INFO: [ app_begin ] --START--
INFO: Run Behavior\ReadHtmlCacheBehavior [ RunTime:0.000000s ]
INFO: [ app_begin ] --END-- [ RunTime:0.001000s ]
NOTIC: [8192] mysql_connect(): The mysql extension is deprecated and will be removed in the future: use mysqli or PDO instead E:\bbs\ThinkPHP\Library\Think\Db\Driver\Mysql.class.php 第 52 行.
SQL: SHOW COLUMNS FROM `bbs_shizi` [ RunTime:0.007000s ]

[ 2014-12-25T08:46:49+08:00 ] 127.0.0.1 /index.php/Admin/Shizi/is_show.html
INFO: [ app_begin ] --START--
INFO: Run Behavior\ReadHtmlCacheBehavior [ RunTime:0.001000s ]
INFO: [ app_begin ] --END-- [ RunTime:0.001000s ]
NOTIC: [8192] mysql_connect(): The mysql extension is deprecated and will be removed in the future: use mysqli or PDO instead E:\bbs\ThinkPHP\Library\Think\Db\Driver\Mysql.class.php 第 52 行.
SQL: SHOW COLUMNS FROM `bbs_shizi` [ RunTime:0.006000s ]

[ 2014-12-25T08:47:08+08:00 ] 127.0.0.1 /index.php/Admin/Shizi/is_show.html
INFO: [ app_begin ] --START--
INFO: Run Behavior\ReadHtmlCacheBehavior [ RunTime:0.000000s ]
INFO: [ app_begin ] --END-- [ RunTime:0.001000s ]
NOTIC: [8192] mysql_connect(): The mysql extension is deprecated and will be removed in the future: use mysqli or PDO instead E:\bbs\ThinkPHP\Library\Think\Db\Driver\Mysql.class.php 第 52 行.
SQL: SHOW COLUMNS FROM `bbs_shizi` [ RunTime:0.008000s ]

[ 2014-12-25T08:49:38+08:00 ] 127.0.0.1 /index.php/Admin/Shizi/is_show.html
INFO: [ app_begin ] --START--
INFO: Run Behavior\ReadHtmlCacheBehavior [ RunTime:0.001000s ]
INFO: [ app_begin ] --END-- [ RunTime:0.001000s ]
NOTIC: [8192] mysql_connect(): The mysql extension is deprecated and will be removed in the future: use mysqli or PDO instead E:\bbs\ThinkPHP\Library\Think\Db\Driver\Mysql.class.php 第 52 行.
SQL: SHOW COLUMNS FROM `bbs_shizi` [ RunTime:0.007001s ]

[ 2014-12-25T08:50:02+08:00 ] 127.0.0.1 /index.php/Admin/Shizi/is_show.html
INFO: [ app_begin ] --START--
INFO: Run Behavior\ReadHtmlCacheBehavior [ RunTime:0.000000s ]
INFO: [ app_begin ] --END-- [ RunTime:0.002000s ]
NOTIC: [8192] mysql_connect(): The mysql extension is deprecated and will be removed in the future: use mysqli or PDO instead E:\bbs\ThinkPHP\Library\Think\Db\Driver\Mysql.class.php 第 52 行.
SQL: SHOW COLUMNS FROM `bbs_shizi` [ RunTime:0.006000s ]

[ 2014-12-25T08:50:04+08:00 ] 127.0.0.1 /index.php/Admin/Shizi/is_show.html
INFO: [ app_begin ] --START--
INFO: Run Behavior\ReadHtmlCacheBehavior [ RunTime:0.001000s ]
INFO: [ app_begin ] --END-- [ RunTime:0.002000s ]
NOTIC: [8192] mysql_connect(): The mysql extension is deprecated and will be removed in the future: use mysqli or PDO instead E:\bbs\ThinkPHP\Library\Think\Db\Driver\Mysql.class.php 第 52 行.
SQL: SHOW COLUMNS FROM `bbs_shizi` [ RunTime:0.009001s ]

[ 2014-12-25T08:50:09+08:00 ] 127.0.0.1 /index.php/Admin/Shizi/is_show.html
INFO: [ app_begin ] --START--
INFO: Run Behavior\ReadHtmlCacheBehavior [ RunTime:0.001000s ]
INFO: [ app_begin ] --END-- [ RunTime:0.001000s ]
NOTIC: [8192] mysql_connect(): The mysql extension is deprecated and will be removed in the future: use mysqli or PDO instead E:\bbs\ThinkPHP\Library\Think\Db\Driver\Mysql.class.php 第 52 行.
SQL: SHOW COLUMNS FROM `bbs_shizi` [ RunTime:0.010001s ]

[ 2014-12-25T08:51:12+08:00 ] 127.0.0.1 /index.php/Admin/Shizi/is_show.html
INFO: [ app_begin ] --START--
INFO: Run Behavior\ReadHtmlCacheBehavior [ RunTime:0.000000s ]
INFO: [ app_begin ] --END-- [ RunTime:0.001000s ]
NOTIC: [8192] mysql_connect(): The mysql extension is deprecated and will be removed in the future: use mysqli or PDO instead E:\bbs\ThinkPHP\Library\Think\Db\Driver\Mysql.class.php 第 52 行.
SQL: SHOW COLUMNS FROM `bbs_shizi` [ RunTime:0.007001s ]
SQL: UPDATE `bbs_shizi` SET `is_show`=1 WHERE ( s_id='3' ) [ RunTime:0.086005s ]
INFO: [ app_end ] --START--
INFO: Run Behavior\ShowPageTraceBehavior [ RunTime:0.000000s ]
INFO: [ app_end ] --END-- [ RunTime:0.001000s ]
SQL: SHOW COLUMNS FROM `bbs_pv` [ RunTime:0.007000s ]
SQL: SELECT * FROM `bbs_pv` WHERE `pv_time` = '2014-12-25'  [ RunTime:0.001000s ]
SQL: UPDATE `bbs_pv` SET `pv_count`=117 WHERE ( pid=25 ) [ RunTime:0.098006s ]

[ 2014-12-25T08:51:25+08:00 ] 127.0.0.1 /index.php/Admin/Shizi/is_show.html
INFO: [ app_begin ] --START--
INFO: Run Behavior\ReadHtmlCacheBehavior [ RunTime:0.001000s ]
INFO: [ app_begin ] --END-- [ RunTime:0.001000s ]
NOTIC: [8192] mysql_connect(): The mysql extension is deprecated and will be removed in the future: use mysqli or PDO instead E:\bbs\ThinkPHP\Library\Think\Db\Driver\Mysql.class.php 第 52 行.
SQL: SHOW COLUMNS FROM `bbs_shizi` [ RunTime:0.007000s ]
SQL: UPDATE `bbs_shizi` SET `is_show`=0 WHERE ( s_id='3' ) [ RunTime:0.151009s ]
INFO: [ app_end ] --START--
INFO: Run Behavior\ShowPageTraceBehavior [ RunTime:0.001000s ]
INFO: [ app_end ] --END-- [ RunTime:0.001000s ]
SQL: SHOW COLUMNS FROM `bbs_pv` [ RunTime:0.007000s ]
SQL: SELECT * FROM `bbs_pv` WHERE `pv_time` = '2014-12-25'  [ RunTime:0.002000s ]
SQL: UPDATE `bbs_pv` SET `pv_count`=120 WHERE ( pid=25 ) [ RunTime:0.134008s ]

[ 2014-12-25T08:51:30+08:00 ] 127.0.0.1 /index.php/Admin/Shizi/is_show.html
INFO: [ app_begin ] --START--
INFO: Run Behavior\ReadHtmlCacheBehavior [ RunTime:0.000000s ]
INFO: [ app_begin ] --END-- [ RunTime:0.001000s ]
NOTIC: [8192] mysql_connect(): The mysql extension is deprecated and will be removed in the future: use mysqli or PDO instead E:\bbs\ThinkPHP\Library\Think\Db\Driver\Mysql.class.php 第 52 行.
SQL: SHOW COLUMNS FROM `bbs_shizi` [ RunTime:0.008000s ]
SQL: UPDATE `bbs_shizi` SET `is_show`=0 WHERE ( s_id='7' ) [ RunTime:0.091006s ]
INFO: [ app_end ] --START--
INFO: Run Behavior\ShowPageTraceBehavior [ RunTime:0.000000s ]
INFO: [ app_end ] --END-- [ RunTime:0.000000s ]
SQL: SHOW COLUMNS FROM `bbs_pv` [ RunTime:0.006000s ]
SQL: SELECT * FROM `bbs_pv` WHERE `pv_time` = '2014-12-25'  [ RunTime:0.001000s ]
SQL: UPDATE `bbs_pv` SET `pv_count`=122 WHERE ( pid=25 ) [ RunTime:0.078005s ]

[ 2014-12-25T08:51:33+08:00 ] 127.0.0.1 /index.php/Admin/Shizi/is_show.html
INFO: [ app_begin ] --START--
INFO: Run Behavior\ReadHtmlCacheBehavior [ RunTime:0.001000s ]
INFO: [ app_begin ] --END-- [ RunTime:0.001000s ]
NOTIC: [8192] mysql_connect(): The mysql extension is deprecated and will be removed in the future: use mysqli or PDO instead E:\bbs\ThinkPHP\Library\Think\Db\Driver\Mysql.class.php 第 52 行.
SQL: SHOW COLUMNS FROM `bbs_shizi` [ RunTime:0.008000s ]
SQL: UPDATE `bbs_shizi` SET `is_show`=1 WHERE ( s_id='7' ) [ RunTime:0.211012s ]
INFO: [ app_end ] --START--
INFO: Run Behavior\ShowPageTraceBehavior [ RunTime:0.001000s ]
INFO: [ app_end ] --END-- [ RunTime:0.001000s ]
SQL: SHOW COLUMNS FROM `bbs_pv` [ RunTime:0.006000s ]
SQL: SELECT * FROM `bbs_pv` WHERE `pv_time` = '2014-12-25'  [ RunTime:0.000000s ]
SQL: UPDATE `bbs_pv` SET `pv_count`=124 WHERE ( pid=25 ) [ RunTime:0.153009s ]

[ 2014-12-25T08:52:04+08:00 ] 127.0.0.1 /index.php/Admin/Shizi/is_show.html
INFO: [ app_begin ] --START--
INFO: Run Behavior\ReadHtmlCacheBehavior [ RunTime:0.000000s ]
INFO: [ app_begin ] --END-- [ RunTime:0.001000s ]
NOTIC: [8192] mysql_connect(): The mysql extension is deprecated and will be removed in the future: use mysqli or PDO instead E:\bbs\ThinkPHP\Library\Think\Db\Driver\Mysql.class.php 第 52 行.
SQL: SHOW COLUMNS FROM `bbs_shizi` [ RunTime:0.007001s ]
SQL: UPDATE `bbs_shizi` SET `is_show`=1 WHERE ( s_id='3' ) [ RunTime:0.220012s ]
INFO: [ app_end ] --START--
INFO: Run Behavior\ShowPageTraceBehavior [ RunTime:0.000000s ]
INFO: [ app_end ] --END-- [ RunTime:0.000000s ]
SQL: SHOW COLUMNS FROM `bbs_pv` [ RunTime:0.006001s ]
SQL: SELECT * FROM `bbs_pv` WHERE `pv_time` = '2014-12-25'  [ RunTime:0.006000s ]
SQL: UPDATE `bbs_pv` SET `pv_count`=130 WHERE ( pid=25 ) [ RunTime:0.186011s ]

[ 2014-12-25T08:52:05+08:00 ] 127.0.0.1 /index.php/Admin/Shizi/is_show.html
INFO: [ app_begin ] --START--
INFO: Run Behavior\ReadHtmlCacheBehavior [ RunTime:0.002000s ]
INFO: [ app_begin ] --END-- [ RunTime:0.002000s ]
NOTIC: [8192] mysql_connect(): The mysql extension is deprecated and will be removed in the future: use mysqli or PDO instead E:\bbs\ThinkPHP\Library\Think\Db\Driver\Mysql.class.php 第 52 行.
SQL: SHOW COLUMNS FROM `bbs_shizi` [ RunTime:0.006000s ]
SQL: UPDATE `bbs_shizi` SET `is_show`=0 WHERE ( s_id='3' ) [ RunTime:0.105006s ]
INFO: [ app_end ] --START--
INFO: Run Behavior\ShowPageTraceBehavior [ RunTime:0.001000s ]
INFO: [ app_end ] --END-- [ RunTime:0.001000s ]
SQL: SHOW COLUMNS FROM `bbs_pv` [ RunTime:0.006000s ]
SQL: SELECT * FROM `bbs_pv` WHERE `pv_time` = '2014-12-25'  [ RunTime:0.001000s ]
SQL: UPDATE `bbs_pv` SET `pv_count`=133 WHERE ( pid=25 ) [ RunTime:0.093006s ]

[ 2014-12-25T08:52:06+08:00 ] 127.0.0.1 /index.php/Admin/Shizi/is_show.html
INFO: [ app_begin ] --START--
INFO: Run Behavior\ReadHtmlCacheBehavior [ RunTime:0.000000s ]
INFO: [ app_begin ] --END-- [ RunTime:0.001000s ]
NOTIC: [8192] mysql_connect(): The mysql extension is deprecated and will be removed in the future: use mysqli or PDO instead E:\bbs\ThinkPHP\Library\Think\Db\Driver\Mysql.class.php 第 52 行.
SQL: SHOW COLUMNS FROM `bbs_shizi` [ RunTime:0.006000s ]
SQL: UPDATE `bbs_shizi` SET `is_show`=0 WHERE ( s_id='3' ) [ RunTime:0.108006s ]
INFO: [ app_end ] --START--
INFO: Run Behavior\ShowPageTraceBehavior [ RunTime:0.000000s ]
INFO: [ app_end ] --END-- [ RunTime:0.000000s ]
SQL: SHOW COLUMNS FROM `bbs_pv` [ RunTime:0.009000s ]
SQL: SELECT * FROM `bbs_pv` WHERE `pv_time` = '2014-12-25'  [ RunTime:0.001000s ]
SQL: UPDATE `bbs_pv` SET `pv_count`=134 WHERE ( pid=25 ) [ RunTime:0.075004s ]

[ 2014-12-25T08:52:13+08:00 ] 127.0.0.1 /index.php/Admin/Shizi/is_del.html
INFO: [ app_begin ] --START--
INFO: Run Behavior\ReadHtmlCacheBehavior [ RunTime:0.001000s ]
INFO: [ app_begin ] --END-- [ RunTime:0.001000s ]
NOTIC: [8192] mysql_connect(): The mysql extension is deprecated and will be removed in the future: use mysqli or PDO instead E:\bbs\ThinkPHP\Library\Think\Db\Driver\Mysql.class.php 第 52 行.
SQL: SHOW COLUMNS FROM `bbs_shizi` [ RunTime:0.007000s ]
SQL: UPDATE `bbs_shizi` SET `is_del`=0 WHERE ( s_id=19 ) [ RunTime:0.133008s ]
INFO: [ app_end ] --START--
INFO: Run Behavior\ShowPageTraceBehavior [ RunTime:0.001000s ]
INFO: [ app_end ] --END-- [ RunTime:0.001000s ]
SQL: SHOW COLUMNS FROM `bbs_pv` [ RunTime:0.007000s ]
SQL: SELECT * FROM `bbs_pv` WHERE `pv_time` = '2014-12-25'  [ RunTime:0.002000s ]
SQL: UPDATE `bbs_pv` SET `pv_count`=137 WHERE ( pid=25 ) [ RunTime:0.123007s ]

[ 2014-12-25T08:53:03+08:00 ] 127.0.0.1 /index.php/Admin/shizi/huifu.html
INFO: [ app_begin ] --START--
INFO: Run Behavior\ReadHtmlCacheBehavior [ RunTime:0.001000s ]
INFO: [ app_begin ] --END-- [ RunTime:0.001000s ]
NOTIC: [8192] mysql_connect(): The mysql extension is deprecated and will be removed in the future: use mysqli or PDO instead E:\bbs\ThinkPHP\Library\Think\Db\Driver\Mysql.class.php 第 52 行.
SQL: SHOW COLUMNS FROM `bbs_shizi` [ RunTime:0.006000s ]
SQL: UPDATE `bbs_shizi` SET `is_del`=1 WHERE ( s_id=16 ) [ RunTime:0.153009s ]
INFO: [ app_end ] --START--
INFO: Run Behavior\ShowPageTraceBehavior [ RunTime:0.000000s ]
INFO: [ app_end ] --END-- [ RunTime:0.000000s ]
SQL: SHOW COLUMNS FROM `bbs_pv` [ RunTime:0.007001s ]
SQL: SELECT * FROM `bbs_pv` WHERE `pv_time` = '2014-12-25'  [ RunTime:0.001000s ]
SQL: UPDATE `bbs_pv` SET `pv_count`=142 WHERE ( pid=25 ) [ RunTime:0.167009s ]

[ 2014-12-25T08:53:09+08:00 ] 127.0.0.1 /index.php/Admin/shizi/delete_shizi.html
INFO: [ app_begin ] --START--
INFO: Run Behavior\ReadHtmlCacheBehavior [ RunTime:0.001000s ]
INFO: [ app_begin ] --END-- [ RunTime:0.001000s ]
NOTIC: [8192] mysql_connect(): The mysql extension is deprecated and will be removed in the future: use mysqli or PDO instead E:\bbs\ThinkPHP\Library\Think\Db\Driver\Mysql.class.php 第 52 行.
SQL: SHOW COLUMNS FROM `bbs_shizi` [ RunTime:0.007001s ]
SQL: DELETE FROM `bbs_shizi` WHERE ( s_id=19 ) [ RunTime:0.096005s ]
INFO: [ app_end ] --START--
INFO: Run Behavior\ShowPageTraceBehavior [ RunTime:0.001000s ]
INFO: [ app_end ] --END-- [ RunTime:0.001000s ]
SQL: SHOW COLUMNS FROM `bbs_pv` [ RunTime:0.006000s ]
SQL: SELECT * FROM `bbs_pv` WHERE `pv_time` = '2014-12-25'  [ RunTime:0.000000s ]
SQL: UPDATE `bbs_pv` SET `pv_count`=145 WHERE ( pid=25 ) [ RunTime:0.144008s ]

[ 2014-12-25T08:53:10+08:00 ] 127.0.0.1 /index.php/Admin/shizi/delete_shizi.html
INFO: [ app_begin ] --START--
INFO: Run Behavior\ReadHtmlCacheBehavior [ RunTime:0.000000s ]
INFO: [ app_begin ] --END-- [ RunTime:0.001000s ]
NOTIC: [8192] mysql_connect(): The mysql extension is deprecated and will be removed in the future: use mysqli or PDO instead E:\bbs\ThinkPHP\Library\Think\Db\Driver\Mysql.class.php 第 52 行.
SQL: SHOW COLUMNS FROM `bbs_shizi` [ RunTime:0.008001s ]
SQL: DELETE FROM `bbs_shizi` WHERE ( s_id=19 ) [ RunTime:0.001000s ]
INFO: [ app_end ] --START--
INFO: Run Behavior\ShowPageTraceBehavior [ RunTime:0.000000s ]
INFO: [ app_end ] --END-- [ RunTime:0.001000s ]
SQL: SHOW COLUMNS FROM `bbs_pv` [ RunTime:0.007000s ]
SQL: SELECT * FROM `bbs_pv` WHERE `pv_time` = '2014-12-25'  [ RunTime:0.002000s ]
SQL: UPDATE `bbs_pv` SET `pv_count`=146 WHERE ( pid=25 ) [ RunTime:0.201012s ]

=======
[ 2014-12-25T09:07:09+08:00 ] 127.0.0.1 /Tp3.2/bbs/index.php/Admin/video/category_video_list.html
ERR: 非法操作:category_video_list

[ 2014-12-25T09:32:14+08:00 ] 127.0.0.1 /Tp3.2/bbs/index.php/Admin/video/category_video_list.html
ERR: 非法操作:category_video_list

>>>>>>> a51089807d3d3d8adf43f54c951f1babb160308e
